{"/app/app.js": {"path":"/app/app.js","statementMap":{"0":{"start":{"line":1,"column":16},"end":{"line":1,"column":34}},"1":{"start":{"line":2,"column":13},"end":{"line":2,"column":28}},"2":{"start":{"line":3,"column":11},"end":{"line":3,"column":24}},"3":{"start":{"line":4,"column":15},"end":{"line":4,"column":48}},"4":{"start":{"line":5,"column":19},"end":{"line":5,"column":56}},"5":{"start":{"line":6,"column":17},"end":{"line":6,"column":52}},"6":{"start":{"line":7,"column":13},"end":{"line":7,"column":28}},"7":{"start":{"line":8,"column":16},"end":{"line":8,"column":36}},"8":{"start":{"line":9,"column":24},"end":{"line":9,"column":65}},"9":{"start":{"line":11,"column":33},"end":{"line":11,"column":81}},"10":{"start":{"line":13,"column":0},"end":{"line":13,"column":27}},"11":{"start":{"line":15,"column":0},"end":{"line":15,"column":29}},"12":{"start":{"line":20,"column":18},"end":{"line":20,"column":51}},"13":{"start":{"line":21,"column":19},"end":{"line":21,"column":53}},"14":{"start":{"line":22,"column":19},"end":{"line":22,"column":53}},"15":{"start":{"line":23,"column":22},"end":{"line":23,"column":59}},"16":{"start":{"line":24,"column":19},"end":{"line":24,"column":53}},"17":{"start":{"line":25,"column":19},"end":{"line":25,"column":50}},"18":{"start":{"line":26,"column":22},"end":{"line":26,"column":59}},"19":{"start":{"line":27,"column":31},"end":{"line":27,"column":74}},"20":{"start":{"line":33,"column":24},"end":{"line":33,"column":74}},"21":{"start":{"line":34,"column":12},"end":{"line":34,"column":21}},"22":{"start":{"line":35,"column":13},"end":{"line":35,"column":37}},"23":{"start":{"line":37,"column":0},"end":{"line":37,"column":28}},"24":{"start":{"line":38,"column":0},"end":{"line":38,"column":23}},"25":{"start":{"line":39,"column":0},"end":{"line":39,"column":47}},"26":{"start":{"line":41,"column":0},"end":{"line":41,"column":45}},"27":{"start":{"line":42,"column":0},"end":{"line":42,"column":63}},"28":{"start":{"line":43,"column":0},"end":{"line":43,"column":57}},"29":{"start":{"line":48,"column":15},"end":{"line":48,"column":31}},"30":{"start":{"line":49,"column":11},"end":{"line":54,"column":2}},"31":{"start":{"line":56,"column":0},"end":{"line":56,"column":24}},"32":{"start":{"line":62,"column":0},"end":{"line":62,"column":58}},"33":{"start":{"line":63,"column":0},"end":{"line":63,"column":33}},"34":{"start":{"line":64,"column":0},"end":{"line":64,"column":35}},"35":{"start":{"line":65,"column":0},"end":{"line":65,"column":54}},"36":{"start":{"line":66,"column":0},"end":{"line":66,"column":51}},"37":{"start":{"line":67,"column":0},"end":{"line":67,"column":35}},"38":{"start":{"line":68,"column":0},"end":{"line":68,"column":29}},"39":{"start":{"line":69,"column":0},"end":{"line":69,"column":45}},"40":{"start":{"line":70,"column":0},"end":{"line":70,"column":29}},"41":{"start":{"line":71,"column":0},"end":{"line":71,"column":185}},"42":{"start":{"line":71,"column":27},"end":{"line":71,"column":183}},"43":{"start":{"line":72,"column":0},"end":{"line":72,"column":170}},"44":{"start":{"line":72,"column":27},"end":{"line":72,"column":168}},"45":{"start":{"line":74,"column":0},"end":{"line":76,"column":3}},"46":{"start":{"line":75,"column":4},"end":{"line":75,"column":71}},"47":{"start":{"line":78,"column":0},"end":{"line":78,"column":23}}},"fnMap":{"0":{"name":"(anonymous_0)","decl":{"start":{"line":71,"column":13},"end":{"line":71,"column":14}},"loc":{"start":{"line":71,"column":27},"end":{"line":71,"column":183}},"line":71},"1":{"name":"(anonymous_1)","decl":{"start":{"line":72,"column":13},"end":{"line":72,"column":14}},"loc":{"start":{"line":72,"column":27},"end":{"line":72,"column":168}},"line":72},"2":{"name":"(anonymous_2)","decl":{"start":{"line":74,"column":20},"end":{"line":74,"column":21}},"loc":{"start":{"line":74,"column":26},"end":{"line":76,"column":1}},"line":74}},"branchMap":{"0":{"loc":{"start":{"line":35,"column":13},"end":{"line":35,"column":37}},"type":"binary-expr","locations":[{"start":{"line":35,"column":13},"end":{"line":35,"column":29}},{"start":{"line":35,"column":33},"end":{"line":35,"column":37}}],"line":35}},"s":{"0":3,"1":3,"2":3,"3":3,"4":3,"5":3,"6":3,"7":3,"8":3,"9":3,"10":3,"11":3,"12":3,"13":3,"14":3,"15":3,"16":3,"17":3,"18":3,"19":3,"20":3,"21":3,"22":3,"23":3,"24":3,"25":3,"26":3,"27":3,"28":3,"29":3,"30":3,"31":3,"32":3,"33":3,"34":3,"35":3,"36":3,"37":3,"38":3,"39":3,"40":3,"41":3,"42":1,"43":3,"44":1,"45":3,"46":3,"47":3},"f":{"0":1,"1":1,"2":3},"b":{"0":[3,0]},"_coverageSchema":"1a1c01bbd47fc00a2c39e90264f33305004495a9","hash":"f7dda1f77885cabde49befcb21c3c51e4698d971"}
,"/app/config/config.js": {"path":"/app/config/config.js","statementMap":{"0":{"start":{"line":1,"column":0},"end":{"line":1,"column":26}},"1":{"start":{"line":3,"column":0},"end":{"line":25,"column":1}}},"fnMap":{},"branchMap":{},"s":{"0":3,"1":3},"f":{},"b":{},"_coverageSchema":"1a1c01bbd47fc00a2c39e90264f33305004495a9","hash":"b20f69beebf656eb077440af0ea20dfca5f859e4"}
,"/app/controllers/app.controller.js": {"path":"/app/controllers/app.controller.js","statementMap":{"0":{"start":{"line":1,"column":14},"end":{"line":1,"column":30}},"1":{"start":{"line":2,"column":15},"end":{"line":2,"column":32}},"2":{"start":{"line":4,"column":0},"end":{"line":4,"column":16}},"3":{"start":{"line":6,"column":28},"end":{"line":6,"column":94}},"4":{"start":{"line":8,"column":16},"end":{"line":11,"column":1}},"5":{"start":{"line":14,"column":0},"end":{"line":35,"column":1}},"6":{"start":{"line":16,"column":24},"end":{"line":16,"column":38}},"7":{"start":{"line":17,"column":4},"end":{"line":17,"column":26}},"8":{"start":{"line":19,"column":4},"end":{"line":21,"column":5}},"9":{"start":{"line":20,"column":8},"end":{"line":20,"column":71}},"10":{"start":{"line":23,"column":20},"end":{"line":29,"column":5}},"11":{"start":{"line":31,"column":4},"end":{"line":33,"column":53}},"12":{"start":{"line":32,"column":26},"end":{"line":32,"column":61}},"13":{"start":{"line":33,"column":24},"end":{"line":33,"column":51}},"14":{"start":{"line":37,"column":0},"end":{"line":58,"column":1}},"15":{"start":{"line":38,"column":17},"end":{"line":38,"column":30}},"16":{"start":{"line":39,"column":18},"end":{"line":39,"column":32}},"17":{"start":{"line":40,"column":17},"end":{"line":40,"column":32}},"18":{"start":{"line":42,"column":4},"end":{"line":44,"column":5}},"19":{"start":{"line":43,"column":8},"end":{"line":43,"column":64}},"20":{"start":{"line":46,"column":20},"end":{"line":51,"column":5}},"21":{"start":{"line":53,"column":22},"end":{"line":53,"column":75}},"22":{"start":{"line":55,"column":4},"end":{"line":57,"column":52}},"23":{"start":{"line":56,"column":25},"end":{"line":56,"column":60}},"24":{"start":{"line":57,"column":23},"end":{"line":57,"column":50}}},"fnMap":{"0":{"name":"(anonymous_0)","decl":{"start":{"line":14,"column":23},"end":{"line":14,"column":24}},"loc":{"start":{"line":14,"column":37},"end":{"line":35,"column":1}},"line":14},"1":{"name":"(anonymous_1)","decl":{"start":{"line":32,"column":14},"end":{"line":32,"column":15}},"loc":{"start":{"line":32,"column":26},"end":{"line":32,"column":61}},"line":32},"2":{"name":"(anonymous_2)","decl":{"start":{"line":33,"column":15},"end":{"line":33,"column":16}},"loc":{"start":{"line":33,"column":24},"end":{"line":33,"column":51}},"line":33},"3":{"name":"(anonymous_3)","decl":{"start":{"line":37,"column":21},"end":{"line":37,"column":22}},"loc":{"start":{"line":37,"column":35},"end":{"line":58,"column":1}},"line":37},"4":{"name":"(anonymous_4)","decl":{"start":{"line":56,"column":14},"end":{"line":56,"column":15}},"loc":{"start":{"line":56,"column":25},"end":{"line":56,"column":60}},"line":56},"5":{"name":"(anonymous_5)","decl":{"start":{"line":57,"column":15},"end":{"line":57,"column":16}},"loc":{"start":{"line":57,"column":23},"end":{"line":57,"column":50}},"line":57}},"branchMap":{"0":{"loc":{"start":{"line":19,"column":4},"end":{"line":21,"column":5}},"type":"if","locations":[{"start":{"line":19,"column":4},"end":{"line":21,"column":5}},{"start":{},"end":{}}],"line":19},"1":{"loc":{"start":{"line":42,"column":4},"end":{"line":44,"column":5}},"type":"if","locations":[{"start":{"line":42,"column":4},"end":{"line":44,"column":5}},{"start":{},"end":{}}],"line":42},"2":{"loc":{"start":{"line":42,"column":8},"end":{"line":42,"column":23}},"type":"binary-expr","locations":[{"start":{"line":42,"column":8},"end":{"line":42,"column":13}},{"start":{"line":42,"column":17},"end":{"line":42,"column":23}}],"line":42},"3":{"loc":{"start":{"line":53,"column":22},"end":{"line":53,"column":75}},"type":"cond-expr","locations":[{"start":{"line":53,"column":28},"end":{"line":53,"column":32}},{"start":{"line":53,"column":33},"end":{"line":53,"column":75}}],"line":53}},"s":{"0":3,"1":3,"2":3,"3":3,"4":3,"5":3,"6":0,"7":0,"8":0,"9":0,"10":0,"11":0,"12":0,"13":0,"14":3,"15":0,"16":0,"17":0,"18":0,"19":0,"20":0,"21":0,"22":0,"23":0,"24":0},"f":{"0":0,"1":0,"2":0,"3":0,"4":0,"5":0},"b":{"0":[0,0],"1":[0,0],"2":[0,0],"3":[0,0]},"_coverageSchema":"1a1c01bbd47fc00a2c39e90264f33305004495a9","hash":"d46db45b444b162efd33100537fe4f42b68ab19e"}
,"/app/controllers/auth.controller.js": {"path":"/app/controllers/auth.controller.js","statementMap":{"0":{"start":{"line":1,"column":13},"end":{"line":1,"column":38}},"1":{"start":{"line":2,"column":13},"end":{"line":2,"column":38}},"2":{"start":{"line":3,"column":17},"end":{"line":3,"column":46}},"3":{"start":{"line":4,"column":15},"end":{"line":4,"column":32}},"4":{"start":{"line":5,"column":12},"end":{"line":5,"column":35}},"5":{"start":{"line":6,"column":18},"end":{"line":6,"column":56}},"6":{"start":{"line":7,"column":15},"end":{"line":7,"column":49}},"7":{"start":{"line":8,"column":19},"end":{"line":8,"column":57}},"8":{"start":{"line":9,"column":17},"end":{"line":9,"column":53}},"9":{"start":{"line":10,"column":0},"end":{"line":10,"column":27}},"10":{"start":{"line":12,"column":0},"end":{"line":125,"column":1}},"11":{"start":{"line":13,"column":4},"end":{"line":17,"column":5}},"12":{"start":{"line":14,"column":8},"end":{"line":15,"column":121}},"13":{"start":{"line":16,"column":8},"end":{"line":16,"column":15}},"14":{"start":{"line":19,"column":4},"end":{"line":23,"column":5}},"15":{"start":{"line":20,"column":8},"end":{"line":21,"column":139}},"16":{"start":{"line":22,"column":8},"end":{"line":22,"column":15}},"17":{"start":{"line":25,"column":4},"end":{"line":124,"column":7}},"18":{"start":{"line":27,"column":21},"end":{"line":30,"column":9}},"19":{"start":{"line":32,"column":8},"end":{"line":32,"column":76}},"20":{"start":{"line":34,"column":8},"end":{"line":123,"column":15}},"21":{"start":{"line":36,"column":16},"end":{"line":112,"column":17}},"22":{"start":{"line":37,"column":20},"end":{"line":37,"column":45}},"23":{"start":{"line":38,"column":40},"end":{"line":41,"column":79}},"24":{"start":{"line":43,"column":33},"end":{"line":43,"column":81}},"25":{"start":{"line":45,"column":20},"end":{"line":100,"column":21}},"26":{"start":{"line":46,"column":39},"end":{"line":46,"column":41}},"27":{"start":{"line":47,"column":24},"end":{"line":50,"column":25}},"28":{"start":{"line":51,"column":24},"end":{"line":61,"column":25}},"29":{"start":{"line":52,"column":28},"end":{"line":60,"column":29}},"30":{"start":{"line":53,"column":32},"end":{"line":59,"column":33}},"31":{"start":{"line":62,"column":24},"end":{"line":90,"column":26}},"32":{"start":{"line":64,"column":28},"end":{"line":72,"column":29}},"33":{"start":{"line":65,"column":32},"end":{"line":71,"column":33}},"34":{"start":{"line":73,"column":28},"end":{"line":80,"column":29}},"35":{"start":{"line":83,"column":28},"end":{"line":89,"column":29}},"36":{"start":{"line":93,"column":24},"end":{"line":99,"column":25}},"37":{"start":{"line":105,"column":20},"end":{"line":111,"column":21}},"38":{"start":{"line":115,"column":16},"end":{"line":115,"column":44}},"39":{"start":{"line":116,"column":16},"end":{"line":122,"column":17}},"40":{"start":{"line":117,"column":20},"end":{"line":118,"column":124}},"41":{"start":{"line":120,"column":20},"end":{"line":121,"column":174}},"42":{"start":{"line":127,"column":0},"end":{"line":163,"column":1}},"43":{"start":{"line":128,"column":4},"end":{"line":132,"column":5}},"44":{"start":{"line":129,"column":8},"end":{"line":130,"column":121}},"45":{"start":{"line":131,"column":8},"end":{"line":131,"column":15}},"46":{"start":{"line":134,"column":4},"end":{"line":134,"column":68}},"47":{"start":{"line":135,"column":4},"end":{"line":162,"column":11}},"48":{"start":{"line":137,"column":12},"end":{"line":141,"column":13}},"49":{"start":{"line":138,"column":16},"end":{"line":139,"column":130}},"50":{"start":{"line":140,"column":16},"end":{"line":140,"column":23}},"51":{"start":{"line":143,"column":12},"end":{"line":156,"column":14}},"52":{"start":{"line":144,"column":16},"end":{"line":155,"column":17}},"53":{"start":{"line":145,"column":40},"end":{"line":148,"column":79}},"54":{"start":{"line":149,"column":20},"end":{"line":150,"column":118}},"55":{"start":{"line":153,"column":20},"end":{"line":154,"column":134}},"56":{"start":{"line":160,"column":12},"end":{"line":161,"column":174}},"57":{"start":{"line":165,"column":0},"end":{"line":264,"column":1}},"58":{"start":{"line":166,"column":4},"end":{"line":170,"column":5}},"59":{"start":{"line":167,"column":8},"end":{"line":168,"column":121}},"60":{"start":{"line":169,"column":8},"end":{"line":169,"column":15}},"61":{"start":{"line":172,"column":4},"end":{"line":176,"column":5}},"62":{"start":{"line":173,"column":8},"end":{"line":174,"column":139}},"63":{"start":{"line":175,"column":8},"end":{"line":175,"column":15}},"64":{"start":{"line":178,"column":4},"end":{"line":263,"column":7}},"65":{"start":{"line":180,"column":21},"end":{"line":183,"column":9}},"66":{"start":{"line":185,"column":8},"end":{"line":185,"column":77}},"67":{"start":{"line":187,"column":8},"end":{"line":262,"column":15}},"68":{"start":{"line":190,"column":16},"end":{"line":199,"column":17}},"69":{"start":{"line":191,"column":20},"end":{"line":197,"column":22}},"70":{"start":{"line":198,"column":20},"end":{"line":198,"column":27}},"71":{"start":{"line":201,"column":36},"end":{"line":204,"column":75}},"72":{"start":{"line":206,"column":29},"end":{"line":206,"column":78}},"73":{"start":{"line":208,"column":16},"end":{"line":217,"column":17}},"74":{"start":{"line":209,"column":20},"end":{"line":215,"column":21}},"75":{"start":{"line":216,"column":20},"end":{"line":216,"column":27}},"76":{"start":{"line":219,"column":33},"end":{"line":222,"column":17}},"77":{"start":{"line":224,"column":16},"end":{"line":252,"column":18}},"78":{"start":{"line":225,"column":20},"end":{"line":225,"column":87}},"79":{"start":{"line":226,"column":20},"end":{"line":234,"column":21}},"80":{"start":{"line":227,"column":24},"end":{"line":233,"column":25}},"81":{"start":{"line":236,"column":20},"end":{"line":243,"column":21}},"82":{"start":{"line":245,"column":20},"end":{"line":251,"column":21}},"83":{"start":{"line":255,"column":16},"end":{"line":261,"column":17}},"84":{"start":{"line":256,"column":20},"end":{"line":257,"column":124}},"85":{"start":{"line":259,"column":20},"end":{"line":260,"column":174}}},"fnMap":{"0":{"name":"(anonymous_0)","decl":{"start":{"line":12,"column":19},"end":{"line":12,"column":20}},"loc":{"start":{"line":12,"column":39},"end":{"line":125,"column":1}},"line":12},"1":{"name":"(anonymous_1)","decl":{"start":{"line":25,"column":65},"end":{"line":25,"column":66}},"loc":{"start":{"line":25,"column":73},"end":{"line":124,"column":5}},"line":25},"2":{"name":"(anonymous_2)","decl":{"start":{"line":35,"column":18},"end":{"line":35,"column":19}},"loc":{"start":{"line":35,"column":34},"end":{"line":113,"column":13}},"line":35},"3":{"name":"(anonymous_3)","decl":{"start":{"line":63,"column":30},"end":{"line":63,"column":31}},"loc":{"start":{"line":63,"column":42},"end":{"line":81,"column":25}},"line":63},"4":{"name":"(anonymous_4)","decl":{"start":{"line":82,"column":31},"end":{"line":82,"column":32}},"loc":{"start":{"line":82,"column":38},"end":{"line":90,"column":25}},"line":82},"5":{"name":"(anonymous_5)","decl":{"start":{"line":114,"column":20},"end":{"line":114,"column":21}},"loc":{"start":{"line":114,"column":29},"end":{"line":123,"column":13}},"line":114},"6":{"name":"(anonymous_6)","decl":{"start":{"line":127,"column":16},"end":{"line":127,"column":17}},"loc":{"start":{"line":127,"column":30},"end":{"line":163,"column":1}},"line":127},"7":{"name":"(anonymous_7)","decl":{"start":{"line":136,"column":14},"end":{"line":136,"column":15}},"loc":{"start":{"line":136,"column":22},"end":{"line":158,"column":9}},"line":136},"8":{"name":"(anonymous_8)","decl":{"start":{"line":143,"column":61},"end":{"line":143,"column":62}},"loc":{"start":{"line":143,"column":78},"end":{"line":156,"column":13}},"line":143},"9":{"name":"(anonymous_9)","decl":{"start":{"line":159,"column":15},"end":{"line":159,"column":16}},"loc":{"start":{"line":159,"column":22},"end":{"line":162,"column":9}},"line":159},"10":{"name":"(anonymous_10)","decl":{"start":{"line":165,"column":24},"end":{"line":165,"column":25}},"loc":{"start":{"line":165,"column":44},"end":{"line":264,"column":1}},"line":165},"11":{"name":"(anonymous_11)","decl":{"start":{"line":178,"column":65},"end":{"line":178,"column":66}},"loc":{"start":{"line":178,"column":73},"end":{"line":263,"column":5}},"line":178},"12":{"name":"(anonymous_12)","decl":{"start":{"line":188,"column":14},"end":{"line":188,"column":15}},"loc":{"start":{"line":188,"column":30},"end":{"line":253,"column":13}},"line":188},"13":{"name":"(anonymous_13)","decl":{"start":{"line":224,"column":47},"end":{"line":224,"column":48}},"loc":{"start":{"line":224,"column":59},"end":{"line":244,"column":17}},"line":224},"14":{"name":"(anonymous_14)","decl":{"start":{"line":244,"column":25},"end":{"line":244,"column":26}},"loc":{"start":{"line":244,"column":32},"end":{"line":252,"column":17}},"line":244},"15":{"name":"(anonymous_15)","decl":{"start":{"line":254,"column":20},"end":{"line":254,"column":21}},"loc":{"start":{"line":254,"column":29},"end":{"line":262,"column":13}},"line":254}},"branchMap":{"0":{"loc":{"start":{"line":13,"column":4},"end":{"line":17,"column":5}},"type":"if","locations":[{"start":{"line":13,"column":4},"end":{"line":17,"column":5}},{"start":{},"end":{}}],"line":13},"1":{"loc":{"start":{"line":13,"column":8},"end":{"line":13,"column":45}},"type":"binary-expr","locations":[{"start":{"line":13,"column":8},"end":{"line":13,"column":26}},{"start":{"line":13,"column":30},"end":{"line":13,"column":45}}],"line":13},"2":{"loc":{"start":{"line":19,"column":4},"end":{"line":23,"column":5}},"type":"if","locations":[{"start":{"line":19,"column":4},"end":{"line":23,"column":5}},{"start":{},"end":{}}],"line":19},"3":{"loc":{"start":{"line":36,"column":16},"end":{"line":112,"column":17}},"type":"if","locations":[{"start":{"line":36,"column":16},"end":{"line":112,"column":17}},{"start":{"line":104,"column":20},"end":{"line":112,"column":17}}],"line":36},"4":{"loc":{"start":{"line":45,"column":20},"end":{"line":100,"column":21}},"type":"if","locations":[{"start":{"line":45,"column":20},"end":{"line":100,"column":21}},{"start":{"line":92,"column":24},"end":{"line":100,"column":21}}],"line":45},"5":{"loc":{"start":{"line":48,"column":36},"end":{"line":48,"column":60}},"type":"cond-expr","locations":[{"start":{"line":48,"column":46},"end":{"line":48,"column":53}},{"start":{"line":48,"column":56},"end":{"line":48,"column":60}}],"line":48},"6":{"loc":{"start":{"line":49,"column":36},"end":{"line":49,"column":60}},"type":"cond-expr","locations":[{"start":{"line":49,"column":46},"end":{"line":49,"column":53}},{"start":{"line":49,"column":56},"end":{"line":49,"column":60}}],"line":49},"7":{"loc":{"start":{"line":52,"column":28},"end":{"line":60,"column":29}},"type":"if","locations":[{"start":{"line":52,"column":28},"end":{"line":60,"column":29}},{"start":{},"end":{}}],"line":52},"8":{"loc":{"start":{"line":64,"column":28},"end":{"line":72,"column":29}},"type":"if","locations":[{"start":{"line":64,"column":28},"end":{"line":72,"column":29}},{"start":{},"end":{}}],"line":64},"9":{"loc":{"start":{"line":116,"column":16},"end":{"line":122,"column":17}},"type":"if","locations":[{"start":{"line":116,"column":16},"end":{"line":122,"column":17}},{"start":{"line":119,"column":23},"end":{"line":122,"column":17}}],"line":116},"10":{"loc":{"start":{"line":128,"column":4},"end":{"line":132,"column":5}},"type":"if","locations":[{"start":{"line":128,"column":4},"end":{"line":132,"column":5}},{"start":{},"end":{}}],"line":128},"11":{"loc":{"start":{"line":128,"column":8},"end":{"line":128,"column":45}},"type":"binary-expr","locations":[{"start":{"line":128,"column":8},"end":{"line":128,"column":26}},{"start":{"line":128,"column":30},"end":{"line":128,"column":45}}],"line":128},"12":{"loc":{"start":{"line":137,"column":12},"end":{"line":141,"column":13}},"type":"if","locations":[{"start":{"line":137,"column":12},"end":{"line":141,"column":13}},{"start":{},"end":{}}],"line":137},"13":{"loc":{"start":{"line":144,"column":16},"end":{"line":155,"column":17}},"type":"if","locations":[{"start":{"line":144,"column":16},"end":{"line":155,"column":17}},{"start":{"line":152,"column":21},"end":{"line":155,"column":17}}],"line":144},"14":{"loc":{"start":{"line":166,"column":4},"end":{"line":170,"column":5}},"type":"if","locations":[{"start":{"line":166,"column":4},"end":{"line":170,"column":5}},{"start":{},"end":{}}],"line":166},"15":{"loc":{"start":{"line":166,"column":8},"end":{"line":166,"column":45}},"type":"binary-expr","locations":[{"start":{"line":166,"column":8},"end":{"line":166,"column":26}},{"start":{"line":166,"column":30},"end":{"line":166,"column":45}}],"line":166},"16":{"loc":{"start":{"line":172,"column":4},"end":{"line":176,"column":5}},"type":"if","locations":[{"start":{"line":172,"column":4},"end":{"line":176,"column":5}},{"start":{},"end":{}}],"line":172},"17":{"loc":{"start":{"line":190,"column":16},"end":{"line":199,"column":17}},"type":"if","locations":[{"start":{"line":190,"column":16},"end":{"line":199,"column":17}},{"start":{},"end":{}}],"line":190},"18":{"loc":{"start":{"line":208,"column":16},"end":{"line":217,"column":17}},"type":"if","locations":[{"start":{"line":208,"column":16},"end":{"line":217,"column":17}},{"start":{},"end":{}}],"line":208},"19":{"loc":{"start":{"line":226,"column":20},"end":{"line":234,"column":21}},"type":"if","locations":[{"start":{"line":226,"column":20},"end":{"line":234,"column":21}},{"start":{},"end":{}}],"line":226},"20":{"loc":{"start":{"line":255,"column":16},"end":{"line":261,"column":17}},"type":"if","locations":[{"start":{"line":255,"column":16},"end":{"line":261,"column":17}},{"start":{"line":258,"column":23},"end":{"line":261,"column":17}}],"line":255}},"s":{"0":3,"1":3,"2":3,"3":3,"4":3,"5":3,"6":3,"7":3,"8":3,"9":3,"10":3,"11":4,"12":1,"13":1,"14":3,"15":1,"16":1,"17":2,"18":2,"19":2,"20":2,"21":1,"22":1,"23":1,"24":1,"25":1,"26":1,"27":1,"28":1,"29":2,"30":0,"31":1,"32":1,"33":0,"34":1,"35":0,"36":0,"37":0,"38":1,"39":1,"40":1,"41":0,"42":3,"43":4,"44":1,"45":1,"46":3,"47":3,"48":3,"49":1,"50":1,"51":2,"52":2,"53":1,"54":1,"55":1,"56":0,"57":3,"58":4,"59":1,"60":1,"61":3,"62":1,"63":1,"64":2,"65":2,"66":2,"67":2,"68":1,"69":0,"70":0,"71":1,"72":1,"73":1,"74":0,"75":0,"76":1,"77":1,"78":1,"79":1,"80":0,"81":1,"82":0,"83":1,"84":1,"85":0},"f":{"0":4,"1":2,"2":1,"3":1,"4":0,"5":1,"6":4,"7":3,"8":2,"9":0,"10":4,"11":2,"12":1,"13":1,"14":0,"15":1},"b":{"0":[1,3],"1":[4,3],"2":[1,2],"3":[1,0],"4":[1,0],"5":[1,0],"6":[1,0],"7":[0,2],"8":[0,1],"9":[1,0],"10":[1,3],"11":[4,3],"12":[1,2],"13":[1,1],"14":[1,3],"15":[4,3],"16":[1,2],"17":[0,1],"18":[0,1],"19":[0,1],"20":[1,0]},"_coverageSchema":"1a1c01bbd47fc00a2c39e90264f33305004495a9","hash":"7521340fba2eb3b793984846437e1481598e1826"}
,"/app/controllers/booking.controller.js": {"path":"/app/controllers/booking.controller.js","statementMap":{"0":{"start":{"line":1,"column":16},"end":{"line":1,"column":44}},"1":{"start":{"line":2,"column":13},"end":{"line":2,"column":38}},"2":{"start":{"line":3,"column":27},"end":{"line":3,"column":66}},"3":{"start":{"line":4,"column":13},"end":{"line":4,"column":38}},"4":{"start":{"line":5,"column":13},"end":{"line":5,"column":38}},"5":{"start":{"line":6,"column":17},"end":{"line":6,"column":46}},"6":{"start":{"line":7,"column":19},"end":{"line":7,"column":57}},"7":{"start":{"line":8,"column":15},"end":{"line":8,"column":49}},"8":{"start":{"line":9,"column":17},"end":{"line":9,"column":53}},"9":{"start":{"line":11,"column":0},"end":{"line":42,"column":2}},"10":{"start":{"line":13,"column":28},"end":{"line":13,"column":39}},"11":{"start":{"line":15,"column":4},"end":{"line":15,"column":77}},"12":{"start":{"line":17,"column":4},"end":{"line":41,"column":7}},"13":{"start":{"line":23,"column":8},"end":{"line":34,"column":9}},"14":{"start":{"line":24,"column":12},"end":{"line":24,"column":82}},"15":{"start":{"line":26,"column":12},"end":{"line":27,"column":101}},"16":{"start":{"line":30,"column":12},"end":{"line":30,"column":81}},"17":{"start":{"line":32,"column":12},"end":{"line":33,"column":119}},"18":{"start":{"line":37,"column":8},"end":{"line":37,"column":108}},"19":{"start":{"line":39,"column":8},"end":{"line":40,"column":162}},"20":{"start":{"line":44,"column":0},"end":{"line":88,"column":2}},"21":{"start":{"line":47,"column":4},"end":{"line":47,"column":51}},"22":{"start":{"line":49,"column":4},"end":{"line":87,"column":7}},"23":{"start":{"line":70,"column":8},"end":{"line":80,"column":9}},"24":{"start":{"line":72,"column":12},"end":{"line":73,"column":101}},"25":{"start":{"line":76,"column":12},"end":{"line":76,"column":81}},"26":{"start":{"line":78,"column":12},"end":{"line":79,"column":119}},"27":{"start":{"line":83,"column":8},"end":{"line":83,"column":108}},"28":{"start":{"line":85,"column":8},"end":{"line":86,"column":162}},"29":{"start":{"line":90,"column":0},"end":{"line":141,"column":2}},"30":{"start":{"line":92,"column":15},"end":{"line":92,"column":28}},"31":{"start":{"line":93,"column":28},"end":{"line":93,"column":39}},"32":{"start":{"line":95,"column":4},"end":{"line":95,"column":50}},"33":{"start":{"line":97,"column":20},"end":{"line":101,"column":6}},"34":{"start":{"line":103,"column":4},"end":{"line":114,"column":5}},"35":{"start":{"line":104,"column":8},"end":{"line":104,"column":103}},"36":{"start":{"line":106,"column":8},"end":{"line":113,"column":10}},"37":{"start":{"line":116,"column":4},"end":{"line":140,"column":7}},"38":{"start":{"line":122,"column":8},"end":{"line":132,"column":9}},"39":{"start":{"line":123,"column":12},"end":{"line":123,"column":59}},"40":{"start":{"line":125,"column":12},"end":{"line":126,"column":100}},"41":{"start":{"line":128,"column":12},"end":{"line":128,"column":58}},"42":{"start":{"line":130,"column":12},"end":{"line":131,"column":117}},"43":{"start":{"line":135,"column":8},"end":{"line":135,"column":85}},"44":{"start":{"line":137,"column":8},"end":{"line":139,"column":68}},"45":{"start":{"line":144,"column":0},"end":{"line":343,"column":1}},"46":{"start":{"line":146,"column":28},"end":{"line":146,"column":39}},"47":{"start":{"line":148,"column":21},"end":{"line":148,"column":29}},"48":{"start":{"line":150,"column":4},"end":{"line":159,"column":5}},"49":{"start":{"line":151,"column":8},"end":{"line":151,"column":73}},"50":{"start":{"line":152,"column":8},"end":{"line":158,"column":10}},"51":{"start":{"line":161,"column":24},"end":{"line":161,"column":40}},"52":{"start":{"line":163,"column":4},"end":{"line":172,"column":5}},"53":{"start":{"line":164,"column":8},"end":{"line":164,"column":57}},"54":{"start":{"line":165,"column":8},"end":{"line":171,"column":10}},"55":{"start":{"line":174,"column":17},"end":{"line":174,"column":49}},"56":{"start":{"line":176,"column":4},"end":{"line":185,"column":1}},"57":{"start":{"line":177,"column":8},"end":{"line":177,"column":54}},"58":{"start":{"line":178,"column":8},"end":{"line":184,"column":6}},"59":{"start":{"line":187,"column":23},"end":{"line":187,"column":42}},"60":{"start":{"line":188,"column":21},"end":{"line":188,"column":38}},"61":{"start":{"line":190,"column":18},"end":{"line":190,"column":20}},"62":{"start":{"line":192,"column":4},"end":{"line":197,"column":5}},"63":{"start":{"line":199,"column":4},"end":{"line":210,"column":5}},"64":{"start":{"line":200,"column":8},"end":{"line":209,"column":9}},"65":{"start":{"line":201,"column":12},"end":{"line":201,"column":53}},"66":{"start":{"line":202,"column":12},"end":{"line":208,"column":14}},"67":{"start":{"line":212,"column":31},"end":{"line":216,"column":6}},"68":{"start":{"line":218,"column":4},"end":{"line":227,"column":5}},"69":{"start":{"line":219,"column":8},"end":{"line":219,"column":99}},"70":{"start":{"line":220,"column":8},"end":{"line":226,"column":9}},"71":{"start":{"line":229,"column":4},"end":{"line":342,"column":7}},"72":{"start":{"line":231,"column":8},"end":{"line":231,"column":39}},"73":{"start":{"line":232,"column":8},"end":{"line":241,"column":9}},"74":{"start":{"line":233,"column":12},"end":{"line":233,"column":58}},"75":{"start":{"line":234,"column":12},"end":{"line":240,"column":13}},"76":{"start":{"line":243,"column":17},"end":{"line":243,"column":70}},"77":{"start":{"line":244,"column":20},"end":{"line":244,"column":79}},"78":{"start":{"line":246,"column":4},"end":{"line":319,"column":5}},"79":{"start":{"line":247,"column":8},"end":{"line":307,"column":9}},"80":{"start":{"line":248,"column":27},"end":{"line":248,"column":29}},"81":{"start":{"line":249,"column":12},"end":{"line":252,"column":13}},"82":{"start":{"line":253,"column":12},"end":{"line":264,"column":13}},"83":{"start":{"line":254,"column":16},"end":{"line":263,"column":17}},"84":{"start":{"line":255,"column":20},"end":{"line":255,"column":59}},"85":{"start":{"line":256,"column":20},"end":{"line":262,"column":21}},"86":{"start":{"line":265,"column":12},"end":{"line":296,"column":14}},"87":{"start":{"line":267,"column":16},"end":{"line":276,"column":17}},"88":{"start":{"line":268,"column":20},"end":{"line":268,"column":74}},"89":{"start":{"line":269,"column":20},"end":{"line":275,"column":21}},"90":{"start":{"line":277,"column":16},"end":{"line":277,"column":64}},"91":{"start":{"line":278,"column":16},"end":{"line":285,"column":17}},"92":{"start":{"line":288,"column":16},"end":{"line":288,"column":63}},"93":{"start":{"line":289,"column":16},"end":{"line":295,"column":17}},"94":{"start":{"line":299,"column":12},"end":{"line":299,"column":60}},"95":{"start":{"line":300,"column":12},"end":{"line":306,"column":13}},"96":{"start":{"line":310,"column":8},"end":{"line":310,"column":42}},"97":{"start":{"line":311,"column":8},"end":{"line":318,"column":9}},"98":{"start":{"line":322,"column":8},"end":{"line":322,"column":71}},"99":{"start":{"line":323,"column":8},"end":{"line":341,"column":9}},"100":{"start":{"line":324,"column":12},"end":{"line":330,"column":14}},"101":{"start":{"line":333,"column":12},"end":{"line":340,"column":14}},"102":{"start":{"line":345,"column":0},"end":{"line":445,"column":5}},"103":{"start":{"line":346,"column":15},"end":{"line":346,"column":28}},"104":{"start":{"line":348,"column":28},"end":{"line":348,"column":39}},"105":{"start":{"line":350,"column":26},"end":{"line":354,"column":6}},"106":{"start":{"line":356,"column":4},"end":{"line":365,"column":5}},"107":{"start":{"line":357,"column":8},"end":{"line":357,"column":60}},"108":{"start":{"line":358,"column":8},"end":{"line":364,"column":9}},"109":{"start":{"line":367,"column":4},"end":{"line":444,"column":10}},"110":{"start":{"line":373,"column":8},"end":{"line":433,"column":13}},"111":{"start":{"line":374,"column":12},"end":{"line":374,"column":43}},"112":{"start":{"line":375,"column":28},"end":{"line":375,"column":87}},"113":{"start":{"line":376,"column":12},"end":{"line":422,"column":17}},"114":{"start":{"line":377,"column":34},"end":{"line":377,"column":94}},"115":{"start":{"line":378,"column":16},"end":{"line":412,"column":21}},"116":{"start":{"line":379,"column":39},"end":{"line":379,"column":88}},"117":{"start":{"line":379,"column":66},"end":{"line":379,"column":87}},"118":{"start":{"line":380,"column":20},"end":{"line":401,"column":25}},"119":{"start":{"line":381,"column":24},"end":{"line":390,"column":30}},"120":{"start":{"line":383,"column":28},"end":{"line":383,"column":60}},"121":{"start":{"line":384,"column":28},"end":{"line":389,"column":34}},"122":{"start":{"line":393,"column":28},"end":{"line":393,"column":109}},"123":{"start":{"line":394,"column":28},"end":{"line":400,"column":30}},"124":{"start":{"line":404,"column":24},"end":{"line":404,"column":103}},"125":{"start":{"line":405,"column":24},"end":{"line":411,"column":26}},"126":{"start":{"line":415,"column":20},"end":{"line":415,"column":51}},"127":{"start":{"line":416,"column":20},"end":{"line":421,"column":22}},"128":{"start":{"line":425,"column":16},"end":{"line":425,"column":49}},"129":{"start":{"line":426,"column":16},"end":{"line":432,"column":18}},"130":{"start":{"line":436,"column":12},"end":{"line":436,"column":77}},"131":{"start":{"line":437,"column":12},"end":{"line":443,"column":14}}},"fnMap":{"0":{"name":"(anonymous_0)","decl":{"start":{"line":11,"column":25},"end":{"line":11,"column":26}},"loc":{"start":{"line":11,"column":45},"end":{"line":42,"column":1}},"line":11},"1":{"name":"(anonymous_1)","decl":{"start":{"line":22,"column":10},"end":{"line":22,"column":11}},"loc":{"start":{"line":22,"column":17},"end":{"line":35,"column":5}},"line":22},"2":{"name":"(anonymous_2)","decl":{"start":{"line":36,"column":11},"end":{"line":36,"column":12}},"loc":{"start":{"line":36,"column":18},"end":{"line":41,"column":5}},"line":36},"3":{"name":"(anonymous_3)","decl":{"start":{"line":44,"column":32},"end":{"line":44,"column":33}},"loc":{"start":{"line":44,"column":52},"end":{"line":88,"column":1}},"line":44},"4":{"name":"(anonymous_4)","decl":{"start":{"line":69,"column":10},"end":{"line":69,"column":11}},"loc":{"start":{"line":69,"column":17},"end":{"line":81,"column":5}},"line":69},"5":{"name":"(anonymous_5)","decl":{"start":{"line":82,"column":11},"end":{"line":82,"column":12}},"loc":{"start":{"line":82,"column":18},"end":{"line":87,"column":5}},"line":82},"6":{"name":"(anonymous_6)","decl":{"start":{"line":90,"column":25},"end":{"line":90,"column":26}},"loc":{"start":{"line":90,"column":45},"end":{"line":141,"column":1}},"line":90},"7":{"name":"(anonymous_7)","decl":{"start":{"line":121,"column":10},"end":{"line":121,"column":11}},"loc":{"start":{"line":121,"column":20},"end":{"line":133,"column":5}},"line":121},"8":{"name":"(anonymous_8)","decl":{"start":{"line":134,"column":11},"end":{"line":134,"column":12}},"loc":{"start":{"line":134,"column":20},"end":{"line":140,"column":5}},"line":134},"9":{"name":"(anonymous_9)","decl":{"start":{"line":144,"column":24},"end":{"line":144,"column":25}},"loc":{"start":{"line":144,"column":44},"end":{"line":343,"column":1}},"line":144},"10":{"name":"(anonymous_10)","decl":{"start":{"line":230,"column":10},"end":{"line":230,"column":11}},"loc":{"start":{"line":230,"column":30},"end":{"line":320,"column":1}},"line":230},"11":{"name":"(anonymous_11)","decl":{"start":{"line":266,"column":18},"end":{"line":266,"column":19}},"loc":{"start":{"line":266,"column":26},"end":{"line":286,"column":13}},"line":266},"12":{"name":"(anonymous_12)","decl":{"start":{"line":287,"column":19},"end":{"line":287,"column":20}},"loc":{"start":{"line":287,"column":26},"end":{"line":296,"column":13}},"line":287},"13":{"name":"(anonymous_13)","decl":{"start":{"line":321,"column":12},"end":{"line":321,"column":13}},"loc":{"start":{"line":321,"column":21},"end":{"line":342,"column":5}},"line":321},"14":{"name":"(anonymous_14)","decl":{"start":{"line":345,"column":24},"end":{"line":345,"column":25}},"loc":{"start":{"line":345,"column":44},"end":{"line":445,"column":5}},"line":345},"15":{"name":"(anonymous_15)","decl":{"start":{"line":372,"column":10},"end":{"line":372,"column":11}},"loc":{"start":{"line":372,"column":26},"end":{"line":434,"column":9}},"line":372},"16":{"name":"(anonymous_16)","decl":{"start":{"line":379,"column":54},"end":{"line":379,"column":55}},"loc":{"start":{"line":379,"column":66},"end":{"line":379,"column":87}},"line":379},"17":{"name":"(anonymous_17)","decl":{"start":{"line":382,"column":30},"end":{"line":382,"column":31}},"loc":{"start":{"line":382,"column":36},"end":{"line":390,"column":29}},"line":382},"18":{"name":"(anonymous_18)","decl":{"start":{"line":435,"column":15},"end":{"line":435,"column":16}},"loc":{"start":{"line":435,"column":22},"end":{"line":444,"column":9}},"line":435}},"branchMap":{"0":{"loc":{"start":{"line":23,"column":8},"end":{"line":34,"column":9}},"type":"if","locations":[{"start":{"line":23,"column":8},"end":{"line":34,"column":9}},{"start":{"line":29,"column":12},"end":{"line":34,"column":9}}],"line":23},"1":{"loc":{"start":{"line":70,"column":8},"end":{"line":80,"column":9}},"type":"if","locations":[{"start":{"line":70,"column":8},"end":{"line":80,"column":9}},{"start":{"line":75,"column":12},"end":{"line":80,"column":9}}],"line":70},"2":{"loc":{"start":{"line":103,"column":4},"end":{"line":114,"column":5}},"type":"if","locations":[{"start":{"line":103,"column":4},"end":{"line":114,"column":5}},{"start":{},"end":{}}],"line":103},"3":{"loc":{"start":{"line":122,"column":8},"end":{"line":132,"column":9}},"type":"if","locations":[{"start":{"line":122,"column":8},"end":{"line":132,"column":9}},{"start":{"line":127,"column":14},"end":{"line":132,"column":9}}],"line":122},"4":{"loc":{"start":{"line":150,"column":4},"end":{"line":159,"column":5}},"type":"if","locations":[{"start":{"line":150,"column":4},"end":{"line":159,"column":5}},{"start":{},"end":{}}],"line":150},"5":{"loc":{"start":{"line":163,"column":4},"end":{"line":172,"column":5}},"type":"if","locations":[{"start":{"line":163,"column":4},"end":{"line":172,"column":5}},{"start":{},"end":{}}],"line":163},"6":{"loc":{"start":{"line":176,"column":4},"end":{"line":185,"column":1}},"type":"if","locations":[{"start":{"line":176,"column":4},"end":{"line":185,"column":1}},{"start":{},"end":{}}],"line":176},"7":{"loc":{"start":{"line":193,"column":17},"end":{"line":193,"column":41}},"type":"cond-expr","locations":[{"start":{"line":193,"column":27},"end":{"line":193,"column":34}},{"start":{"line":193,"column":37},"end":{"line":193,"column":41}}],"line":193},"8":{"loc":{"start":{"line":194,"column":21},"end":{"line":194,"column":49}},"type":"cond-expr","locations":[{"start":{"line":194,"column":34},"end":{"line":194,"column":44}},{"start":{"line":194,"column":47},"end":{"line":194,"column":49}}],"line":194},"9":{"loc":{"start":{"line":195,"column":19},"end":{"line":195,"column":43}},"type":"cond-expr","locations":[{"start":{"line":195,"column":30},"end":{"line":195,"column":38}},{"start":{"line":195,"column":41},"end":{"line":195,"column":43}}],"line":195},"10":{"loc":{"start":{"line":196,"column":17},"end":{"line":196,"column":57}},"type":"cond-expr","locations":[{"start":{"line":196,"column":35},"end":{"line":196,"column":50}},{"start":{"line":196,"column":53},"end":{"line":196,"column":57}}],"line":196},"11":{"loc":{"start":{"line":200,"column":8},"end":{"line":209,"column":9}},"type":"if","locations":[{"start":{"line":200,"column":8},"end":{"line":209,"column":9}},{"start":{},"end":{}}],"line":200},"12":{"loc":{"start":{"line":218,"column":4},"end":{"line":227,"column":5}},"type":"if","locations":[{"start":{"line":218,"column":4},"end":{"line":227,"column":5}},{"start":{},"end":{}}],"line":218},"13":{"loc":{"start":{"line":232,"column":8},"end":{"line":241,"column":9}},"type":"if","locations":[{"start":{"line":232,"column":8},"end":{"line":241,"column":9}},{"start":{},"end":{}}],"line":232},"14":{"loc":{"start":{"line":246,"column":4},"end":{"line":319,"column":5}},"type":"if","locations":[{"start":{"line":246,"column":4},"end":{"line":319,"column":5}},{"start":{"line":309,"column":8},"end":{"line":319,"column":5}}],"line":246},"15":{"loc":{"start":{"line":247,"column":8},"end":{"line":307,"column":9}},"type":"if","locations":[{"start":{"line":247,"column":8},"end":{"line":307,"column":9}},{"start":{"line":298,"column":12},"end":{"line":307,"column":9}}],"line":247},"16":{"loc":{"start":{"line":250,"column":24},"end":{"line":250,"column":64}},"type":"cond-expr","locations":[{"start":{"line":250,"column":42},"end":{"line":250,"column":57}},{"start":{"line":250,"column":60},"end":{"line":250,"column":64}}],"line":250},"17":{"loc":{"start":{"line":251,"column":24},"end":{"line":251,"column":48}},"type":"cond-expr","locations":[{"start":{"line":251,"column":34},"end":{"line":251,"column":41}},{"start":{"line":251,"column":44},"end":{"line":251,"column":48}}],"line":251},"18":{"loc":{"start":{"line":254,"column":16},"end":{"line":263,"column":17}},"type":"if","locations":[{"start":{"line":254,"column":16},"end":{"line":263,"column":17}},{"start":{},"end":{}}],"line":254},"19":{"loc":{"start":{"line":267,"column":16},"end":{"line":276,"column":17}},"type":"if","locations":[{"start":{"line":267,"column":16},"end":{"line":276,"column":17}},{"start":{},"end":{}}],"line":267},"20":{"loc":{"start":{"line":323,"column":8},"end":{"line":341,"column":9}},"type":"if","locations":[{"start":{"line":323,"column":8},"end":{"line":341,"column":9}},{"start":{"line":332,"column":13},"end":{"line":341,"column":9}}],"line":323},"21":{"loc":{"start":{"line":356,"column":4},"end":{"line":365,"column":5}},"type":"if","locations":[{"start":{"line":356,"column":4},"end":{"line":365,"column":5}},{"start":{},"end":{}}],"line":356},"22":{"loc":{"start":{"line":373,"column":8},"end":{"line":433,"column":13}},"type":"if","locations":[{"start":{"line":373,"column":8},"end":{"line":433,"column":13}},{"start":{"line":424,"column":16},"end":{"line":433,"column":13}}],"line":373},"23":{"loc":{"start":{"line":376,"column":12},"end":{"line":422,"column":17}},"type":"if","locations":[{"start":{"line":376,"column":12},"end":{"line":422,"column":17}},{"start":{"line":414,"column":20},"end":{"line":422,"column":17}}],"line":376},"24":{"loc":{"start":{"line":378,"column":16},"end":{"line":412,"column":21}},"type":"if","locations":[{"start":{"line":378,"column":16},"end":{"line":412,"column":21}},{"start":{"line":403,"column":24},"end":{"line":412,"column":21}}],"line":378},"25":{"loc":{"start":{"line":380,"column":20},"end":{"line":401,"column":25}},"type":"if","locations":[{"start":{"line":380,"column":20},"end":{"line":401,"column":25}},{"start":{"line":392,"column":28},"end":{"line":401,"column":25}}],"line":380},"26":{"loc":{"start":{"line":380,"column":23},"end":{"line":380,"column":54}},"type":"binary-expr","locations":[{"start":{"line":380,"column":23},"end":{"line":380,"column":33}},{"start":{"line":380,"column":37},"end":{"line":380,"column":54}}],"line":380}},"s":{"0":3,"1":3,"2":3,"3":3,"4":3,"5":3,"6":3,"7":3,"8":3,"9":3,"10":0,"11":0,"12":0,"13":0,"14":0,"15":0,"16":0,"17":0,"18":0,"19":0,"20":3,"21":0,"22":0,"23":0,"24":0,"25":0,"26":0,"27":0,"28":0,"29":3,"30":0,"31":0,"32":0,"33":0,"34":0,"35":0,"36":0,"37":0,"38":0,"39":0,"40":0,"41":0,"42":0,"43":0,"44":0,"45":3,"46":0,"47":0,"48":0,"49":0,"50":0,"51":0,"52":0,"53":0,"54":0,"55":0,"56":0,"57":0,"58":0,"59":0,"60":0,"61":0,"62":0,"63":0,"64":0,"65":0,"66":0,"67":0,"68":0,"69":0,"70":0,"71":0,"72":0,"73":0,"74":0,"75":0,"76":0,"77":0,"78":0,"79":0,"80":0,"81":0,"82":0,"83":0,"84":0,"85":0,"86":0,"87":0,"88":0,"89":0,"90":0,"91":0,"92":0,"93":0,"94":0,"95":0,"96":0,"97":0,"98":0,"99":0,"100":0,"101":0,"102":3,"103":0,"104":0,"105":0,"106":0,"107":0,"108":0,"109":0,"110":0,"111":0,"112":0,"113":0,"114":0,"115":0,"116":0,"117":0,"118":0,"119":0,"120":0,"121":0,"122":0,"123":0,"124":0,"125":0,"126":0,"127":0,"128":0,"129":0,"130":0,"131":0},"f":{"0":0,"1":0,"2":0,"3":0,"4":0,"5":0,"6":0,"7":0,"8":0,"9":0,"10":0,"11":0,"12":0,"13":0,"14":0,"15":0,"16":0,"17":0,"18":0},"b":{"0":[0,0],"1":[0,0],"2":[0,0],"3":[0,0],"4":[0,0],"5":[0,0],"6":[0,0],"7":[0,0],"8":[0,0],"9":[0,0],"10":[0,0],"11":[0,0],"12":[0,0],"13":[0,0],"14":[0,0],"15":[0,0],"16":[0,0],"17":[0,0],"18":[0,0],"19":[0,0],"20":[0,0],"21":[0,0],"22":[0,0],"23":[0,0],"24":[0,0],"25":[0,0],"26":[0,0]},"_coverageSchema":"1a1c01bbd47fc00a2c39e90264f33305004495a9","hash":"4a2aabc6cb8e27461bb7057379e6099f3882a71f"}
,"/app/controllers/parkingParticulier.controller.js": {"path":"/app/controllers/parkingParticulier.controller.js","statementMap":{"0":{"start":{"line":1,"column":27},"end":{"line":1,"column":66}},"1":{"start":{"line":2,"column":15},"end":{"line":2,"column":49}},"2":{"start":{"line":3,"column":19},"end":{"line":3,"column":57}},"3":{"start":{"line":4,"column":17},"end":{"line":4,"column":53}},"4":{"start":{"line":5,"column":15},"end":{"line":5,"column":35}},"5":{"start":{"line":10,"column":0},"end":{"line":50,"column":2}},"6":{"start":{"line":11,"column":4},"end":{"line":13,"column":6}},"7":{"start":{"line":14,"column":4},"end":{"line":49,"column":11}},"8":{"start":{"line":18,"column":46},"end":{"line":20,"column":14}},"9":{"start":{"line":19,"column":16},"end":{"line":19,"column":31}},"10":{"start":{"line":21,"column":12},"end":{"line":39,"column":13}},"11":{"start":{"line":22,"column":16},"end":{"line":29,"column":18}},"12":{"start":{"line":32,"column":16},"end":{"line":38,"column":18}},"13":{"start":{"line":42,"column":12},"end":{"line":48,"column":14}},"14":{"start":{"line":52,"column":0},"end":{"line":96,"column":2}},"15":{"start":{"line":53,"column":15},"end":{"line":53,"column":28}},"16":{"start":{"line":54,"column":4},"end":{"line":63,"column":5}},"17":{"start":{"line":55,"column":8},"end":{"line":61,"column":10}},"18":{"start":{"line":62,"column":8},"end":{"line":62,"column":15}},"19":{"start":{"line":64,"column":4},"end":{"line":64,"column":78}},"20":{"start":{"line":65,"column":4},"end":{"line":95,"column":11}},"21":{"start":{"line":67,"column":12},"end":{"line":85,"column":13}},"22":{"start":{"line":68,"column":16},"end":{"line":75,"column":18}},"23":{"start":{"line":78,"column":16},"end":{"line":84,"column":18}},"24":{"start":{"line":88,"column":12},"end":{"line":94,"column":14}},"25":{"start":{"line":98,"column":0},"end":{"line":148,"column":2}},"26":{"start":{"line":99,"column":15},"end":{"line":99,"column":28}},"27":{"start":{"line":100,"column":4},"end":{"line":109,"column":5}},"28":{"start":{"line":101,"column":8},"end":{"line":107,"column":10}},"29":{"start":{"line":108,"column":8},"end":{"line":108,"column":15}},"30":{"start":{"line":110,"column":4},"end":{"line":112,"column":6}},"31":{"start":{"line":113,"column":4},"end":{"line":147,"column":11}},"32":{"start":{"line":118,"column":12},"end":{"line":137,"column":13}},"33":{"start":{"line":119,"column":16},"end":{"line":126,"column":18}},"34":{"start":{"line":129,"column":16},"end":{"line":136,"column":18}},"35":{"start":{"line":140,"column":12},"end":{"line":146,"column":14}},"36":{"start":{"line":150,"column":0},"end":{"line":207,"column":2}},"37":{"start":{"line":151,"column":20},"end":{"line":151,"column":36}},"38":{"start":{"line":152,"column":17},"end":{"line":152,"column":30}},"39":{"start":{"line":153,"column":19},"end":{"line":153,"column":35}},"40":{"start":{"line":155,"column":18},"end":{"line":155,"column":20}},"41":{"start":{"line":157,"column":4},"end":{"line":159,"column":5}},"42":{"start":{"line":158,"column":8},"end":{"line":158,"column":34}},"43":{"start":{"line":160,"column":4},"end":{"line":162,"column":5}},"44":{"start":{"line":161,"column":8},"end":{"line":161,"column":28}},"45":{"start":{"line":163,"column":4},"end":{"line":165,"column":5}},"46":{"start":{"line":164,"column":8},"end":{"line":164,"column":31}},"47":{"start":{"line":166,"column":4},"end":{"line":166,"column":31}},"48":{"start":{"line":168,"column":4},"end":{"line":168,"column":42}},"49":{"start":{"line":170,"column":4},"end":{"line":172,"column":6}},"50":{"start":{"line":173,"column":4},"end":{"line":206,"column":11}},"51":{"start":{"line":178,"column":12},"end":{"line":196,"column":13}},"52":{"start":{"line":179,"column":16},"end":{"line":186,"column":18}},"53":{"start":{"line":189,"column":16},"end":{"line":195,"column":18}},"54":{"start":{"line":199,"column":12},"end":{"line":205,"column":14}},"55":{"start":{"line":209,"column":0},"end":{"line":282,"column":2}},"56":{"start":{"line":210,"column":4},"end":{"line":225,"column":5}},"57":{"start":{"line":217,"column":8},"end":{"line":223,"column":10}},"58":{"start":{"line":224,"column":8},"end":{"line":224,"column":15}},"59":{"start":{"line":227,"column":59},"end":{"line":227,"column":67}},"60":{"start":{"line":228,"column":19},"end":{"line":228,"column":30}},"61":{"start":{"line":230,"column":20},"end":{"line":237,"column":6}},"62":{"start":{"line":239,"column":4},"end":{"line":241,"column":6}},"63":{"start":{"line":243,"column":4},"end":{"line":281,"column":7}},"64":{"start":{"line":245,"column":8},"end":{"line":259,"column":9}},"65":{"start":{"line":251,"column":12},"end":{"line":258,"column":13}},"66":{"start":{"line":262,"column":8},"end":{"line":262,"column":26}},"67":{"start":{"line":263,"column":8},"end":{"line":280,"column":9}},"68":{"start":{"line":264,"column":12},"end":{"line":270,"column":14}},"69":{"start":{"line":273,"column":12},"end":{"line":279,"column":14}},"70":{"start":{"line":284,"column":0},"end":{"line":366,"column":2}},"71":{"start":{"line":285,"column":15},"end":{"line":285,"column":28}},"72":{"start":{"line":287,"column":20},"end":{"line":287,"column":36}},"73":{"start":{"line":288,"column":20},"end":{"line":288,"column":36}},"74":{"start":{"line":289,"column":17},"end":{"line":289,"column":30}},"75":{"start":{"line":291,"column":18},"end":{"line":291,"column":20}},"76":{"start":{"line":293,"column":4},"end":{"line":295,"column":5}},"77":{"start":{"line":294,"column":8},"end":{"line":294,"column":34}},"78":{"start":{"line":296,"column":4},"end":{"line":298,"column":5}},"79":{"start":{"line":297,"column":8},"end":{"line":297,"column":34}},"80":{"start":{"line":299,"column":4},"end":{"line":301,"column":5}},"81":{"start":{"line":300,"column":8},"end":{"line":300,"column":28}},"82":{"start":{"line":303,"column":4},"end":{"line":312,"column":5}},"83":{"start":{"line":304,"column":8},"end":{"line":311,"column":10}},"84":{"start":{"line":314,"column":28},"end":{"line":314,"column":39}},"85":{"start":{"line":316,"column":26},"end":{"line":320,"column":6}},"86":{"start":{"line":322,"column":4},"end":{"line":330,"column":5}},"87":{"start":{"line":323,"column":8},"end":{"line":329,"column":9}},"88":{"start":{"line":332,"column":4},"end":{"line":332,"column":71}},"89":{"start":{"line":334,"column":4},"end":{"line":365,"column":11}},"90":{"start":{"line":336,"column":12},"end":{"line":345,"column":13}},"91":{"start":{"line":337,"column":16},"end":{"line":343,"column":18}},"92":{"start":{"line":344,"column":16},"end":{"line":344,"column":23}},"93":{"start":{"line":346,"column":12},"end":{"line":355,"column":15}},"94":{"start":{"line":347,"column":16},"end":{"line":354,"column":18}},"95":{"start":{"line":358,"column":12},"end":{"line":364,"column":14}},"96":{"start":{"line":368,"column":0},"end":{"line":421,"column":2}},"97":{"start":{"line":369,"column":15},"end":{"line":369,"column":28}},"98":{"start":{"line":371,"column":28},"end":{"line":371,"column":39}},"99":{"start":{"line":373,"column":20},"end":{"line":377,"column":6}},"100":{"start":{"line":379,"column":4},"end":{"line":387,"column":5}},"101":{"start":{"line":380,"column":8},"end":{"line":386,"column":9}},"102":{"start":{"line":389,"column":4},"end":{"line":389,"column":71}},"103":{"start":{"line":390,"column":4},"end":{"line":420,"column":7}},"104":{"start":{"line":392,"column":8},"end":{"line":409,"column":9}},"105":{"start":{"line":393,"column":12},"end":{"line":399,"column":14}},"106":{"start":{"line":402,"column":12},"end":{"line":408,"column":14}},"107":{"start":{"line":412,"column":8},"end":{"line":412,"column":26}},"108":{"start":{"line":413,"column":8},"end":{"line":419,"column":10}}},"fnMap":{"0":{"name":"(anonymous_0)","decl":{"start":{"line":10,"column":36},"end":{"line":10,"column":37}},"loc":{"start":{"line":10,"column":50},"end":{"line":50,"column":1}},"line":10},"1":{"name":"(anonymous_1)","decl":{"start":{"line":17,"column":14},"end":{"line":17,"column":15}},"loc":{"start":{"line":17,"column":24},"end":{"line":40,"column":9}},"line":17},"2":{"name":"(anonymous_2)","decl":{"start":{"line":18,"column":55},"end":{"line":18,"column":56}},"loc":{"start":{"line":18,"column":68},"end":{"line":20,"column":13}},"line":18},"3":{"name":"(anonymous_3)","decl":{"start":{"line":41,"column":15},"end":{"line":41,"column":16}},"loc":{"start":{"line":41,"column":24},"end":{"line":49,"column":9}},"line":41},"4":{"name":"(anonymous_4)","decl":{"start":{"line":52,"column":36},"end":{"line":52,"column":37}},"loc":{"start":{"line":52,"column":50},"end":{"line":96,"column":1}},"line":52},"5":{"name":"(anonymous_5)","decl":{"start":{"line":66,"column":14},"end":{"line":66,"column":15}},"loc":{"start":{"line":66,"column":24},"end":{"line":86,"column":9}},"line":66},"6":{"name":"(anonymous_6)","decl":{"start":{"line":87,"column":15},"end":{"line":87,"column":16}},"loc":{"start":{"line":87,"column":24},"end":{"line":95,"column":9}},"line":87},"7":{"name":"(anonymous_7)","decl":{"start":{"line":98,"column":42},"end":{"line":98,"column":43}},"loc":{"start":{"line":98,"column":56},"end":{"line":148,"column":1}},"line":98},"8":{"name":"(anonymous_8)","decl":{"start":{"line":117,"column":14},"end":{"line":117,"column":15}},"loc":{"start":{"line":117,"column":24},"end":{"line":138,"column":9}},"line":117},"9":{"name":"(anonymous_9)","decl":{"start":{"line":139,"column":15},"end":{"line":139,"column":16}},"loc":{"start":{"line":139,"column":24},"end":{"line":147,"column":9}},"line":139},"10":{"name":"(anonymous_10)","decl":{"start":{"line":150,"column":50},"end":{"line":150,"column":51}},"loc":{"start":{"line":150,"column":64},"end":{"line":207,"column":1}},"line":150},"11":{"name":"(anonymous_11)","decl":{"start":{"line":177,"column":14},"end":{"line":177,"column":15}},"loc":{"start":{"line":177,"column":24},"end":{"line":197,"column":9}},"line":177},"12":{"name":"(anonymous_12)","decl":{"start":{"line":198,"column":15},"end":{"line":198,"column":16}},"loc":{"start":{"line":198,"column":24},"end":{"line":206,"column":9}},"line":198},"13":{"name":"(anonymous_13)","decl":{"start":{"line":209,"column":32},"end":{"line":209,"column":33}},"loc":{"start":{"line":209,"column":52},"end":{"line":282,"column":1}},"line":209},"14":{"name":"(anonymous_14)","decl":{"start":{"line":244,"column":11},"end":{"line":244,"column":12}},"loc":{"start":{"line":244,"column":27},"end":{"line":260,"column":5}},"line":244},"15":{"name":"(anonymous_15)","decl":{"start":{"line":261,"column":11},"end":{"line":261,"column":12}},"loc":{"start":{"line":261,"column":22},"end":{"line":281,"column":5}},"line":261},"16":{"name":"(anonymous_16)","decl":{"start":{"line":284,"column":35},"end":{"line":284,"column":36}},"loc":{"start":{"line":284,"column":55},"end":{"line":366,"column":1}},"line":284},"17":{"name":"(anonymous_17)","decl":{"start":{"line":335,"column":14},"end":{"line":335,"column":15}},"loc":{"start":{"line":335,"column":28},"end":{"line":356,"column":9}},"line":335},"18":{"name":"(anonymous_18)","decl":{"start":{"line":346,"column":49},"end":{"line":346,"column":50}},"loc":{"start":{"line":346,"column":59},"end":{"line":355,"column":13}},"line":346},"19":{"name":"(anonymous_19)","decl":{"start":{"line":357,"column":15},"end":{"line":357,"column":16}},"loc":{"start":{"line":357,"column":26},"end":{"line":365,"column":9}},"line":357},"20":{"name":"(anonymous_20)","decl":{"start":{"line":368,"column":35},"end":{"line":368,"column":36}},"loc":{"start":{"line":368,"column":55},"end":{"line":421,"column":1}},"line":368},"21":{"name":"(anonymous_21)","decl":{"start":{"line":391,"column":10},"end":{"line":391,"column":11}},"loc":{"start":{"line":391,"column":30},"end":{"line":410,"column":5}},"line":391},"22":{"name":"(anonymous_22)","decl":{"start":{"line":411,"column":11},"end":{"line":411,"column":12}},"loc":{"start":{"line":411,"column":22},"end":{"line":420,"column":5}},"line":411}},"branchMap":{"0":{"loc":{"start":{"line":21,"column":12},"end":{"line":39,"column":13}},"type":"if","locations":[{"start":{"line":21,"column":12},"end":{"line":39,"column":13}},{"start":{"line":31,"column":16},"end":{"line":39,"column":13}}],"line":21},"1":{"loc":{"start":{"line":54,"column":4},"end":{"line":63,"column":5}},"type":"if","locations":[{"start":{"line":54,"column":4},"end":{"line":63,"column":5}},{"start":{},"end":{}}],"line":54},"2":{"loc":{"start":{"line":67,"column":12},"end":{"line":85,"column":13}},"type":"if","locations":[{"start":{"line":67,"column":12},"end":{"line":85,"column":13}},{"start":{"line":77,"column":16},"end":{"line":85,"column":13}}],"line":67},"3":{"loc":{"start":{"line":100,"column":4},"end":{"line":109,"column":5}},"type":"if","locations":[{"start":{"line":100,"column":4},"end":{"line":109,"column":5}},{"start":{},"end":{}}],"line":100},"4":{"loc":{"start":{"line":118,"column":12},"end":{"line":137,"column":13}},"type":"if","locations":[{"start":{"line":118,"column":12},"end":{"line":137,"column":13}},{"start":{"line":128,"column":16},"end":{"line":137,"column":13}}],"line":118},"5":{"loc":{"start":{"line":157,"column":4},"end":{"line":159,"column":5}},"type":"if","locations":[{"start":{"line":157,"column":4},"end":{"line":159,"column":5}},{"start":{},"end":{}}],"line":157},"6":{"loc":{"start":{"line":160,"column":4},"end":{"line":162,"column":5}},"type":"if","locations":[{"start":{"line":160,"column":4},"end":{"line":162,"column":5}},{"start":{},"end":{}}],"line":160},"7":{"loc":{"start":{"line":163,"column":4},"end":{"line":165,"column":5}},"type":"if","locations":[{"start":{"line":163,"column":4},"end":{"line":165,"column":5}},{"start":{},"end":{}}],"line":163},"8":{"loc":{"start":{"line":178,"column":12},"end":{"line":196,"column":13}},"type":"if","locations":[{"start":{"line":178,"column":12},"end":{"line":196,"column":13}},{"start":{"line":188,"column":16},"end":{"line":196,"column":13}}],"line":178},"9":{"loc":{"start":{"line":210,"column":4},"end":{"line":225,"column":5}},"type":"if","locations":[{"start":{"line":210,"column":4},"end":{"line":225,"column":5}},{"start":{},"end":{}}],"line":210},"10":{"loc":{"start":{"line":211,"column":8},"end":{"line":215,"column":27}},"type":"binary-expr","locations":[{"start":{"line":211,"column":8},"end":{"line":211,"column":25}},{"start":{"line":212,"column":8},"end":{"line":212,"column":25}},{"start":{"line":213,"column":8},"end":{"line":213,"column":22}},{"start":{"line":214,"column":8},"end":{"line":214,"column":27}},{"start":{"line":215,"column":8},"end":{"line":215,"column":27}}],"line":211},"11":{"loc":{"start":{"line":245,"column":8},"end":{"line":259,"column":9}},"type":"if","locations":[{"start":{"line":245,"column":8},"end":{"line":259,"column":9}},{"start":{},"end":{}}],"line":245},"12":{"loc":{"start":{"line":245,"column":11},"end":{"line":249,"column":51}},"type":"binary-expr","locations":[{"start":{"line":245,"column":11},"end":{"line":245,"column":48}},{"start":{"line":246,"column":12},"end":{"line":246,"column":49}},{"start":{"line":247,"column":12},"end":{"line":247,"column":46}},{"start":{"line":248,"column":12},"end":{"line":248,"column":51}},{"start":{"line":249,"column":12},"end":{"line":249,"column":51}}],"line":245},"13":{"loc":{"start":{"line":263,"column":8},"end":{"line":280,"column":9}},"type":"if","locations":[{"start":{"line":263,"column":8},"end":{"line":280,"column":9}},{"start":{"line":272,"column":12},"end":{"line":280,"column":9}}],"line":263},"14":{"loc":{"start":{"line":293,"column":4},"end":{"line":295,"column":5}},"type":"if","locations":[{"start":{"line":293,"column":4},"end":{"line":295,"column":5}},{"start":{},"end":{}}],"line":293},"15":{"loc":{"start":{"line":296,"column":4},"end":{"line":298,"column":5}},"type":"if","locations":[{"start":{"line":296,"column":4},"end":{"line":298,"column":5}},{"start":{},"end":{}}],"line":296},"16":{"loc":{"start":{"line":299,"column":4},"end":{"line":301,"column":5}},"type":"if","locations":[{"start":{"line":299,"column":4},"end":{"line":301,"column":5}},{"start":{},"end":{}}],"line":299},"17":{"loc":{"start":{"line":303,"column":4},"end":{"line":312,"column":5}},"type":"if","locations":[{"start":{"line":303,"column":4},"end":{"line":312,"column":5}},{"start":{},"end":{}}],"line":303},"18":{"loc":{"start":{"line":303,"column":8},"end":{"line":303,"column":48}},"type":"binary-expr","locations":[{"start":{"line":303,"column":8},"end":{"line":303,"column":11}},{"start":{"line":303,"column":15},"end":{"line":303,"column":48}}],"line":303},"19":{"loc":{"start":{"line":322,"column":4},"end":{"line":330,"column":5}},"type":"if","locations":[{"start":{"line":322,"column":4},"end":{"line":330,"column":5}},{"start":{},"end":{}}],"line":322},"20":{"loc":{"start":{"line":336,"column":12},"end":{"line":345,"column":13}},"type":"if","locations":[{"start":{"line":336,"column":12},"end":{"line":345,"column":13}},{"start":{},"end":{}}],"line":336},"21":{"loc":{"start":{"line":379,"column":4},"end":{"line":387,"column":5}},"type":"if","locations":[{"start":{"line":379,"column":4},"end":{"line":387,"column":5}},{"start":{},"end":{}}],"line":379},"22":{"loc":{"start":{"line":392,"column":8},"end":{"line":409,"column":9}},"type":"if","locations":[{"start":{"line":392,"column":8},"end":{"line":409,"column":9}},{"start":{"line":401,"column":12},"end":{"line":409,"column":9}}],"line":392}},"s":{"0":3,"1":3,"2":3,"3":3,"4":3,"5":3,"6":0,"7":0,"8":0,"9":0,"10":0,"11":0,"12":0,"13":0,"14":3,"15":0,"16":0,"17":0,"18":0,"19":0,"20":0,"21":0,"22":0,"23":0,"24":0,"25":3,"26":0,"27":0,"28":0,"29":0,"30":0,"31":0,"32":0,"33":0,"34":0,"35":0,"36":3,"37":0,"38":0,"39":0,"40":0,"41":0,"42":0,"43":0,"44":0,"45":0,"46":0,"47":0,"48":0,"49":0,"50":0,"51":0,"52":0,"53":0,"54":0,"55":3,"56":0,"57":0,"58":0,"59":0,"60":0,"61":0,"62":0,"63":0,"64":0,"65":0,"66":0,"67":0,"68":0,"69":0,"70":3,"71":0,"72":0,"73":0,"74":0,"75":0,"76":0,"77":0,"78":0,"79":0,"80":0,"81":0,"82":0,"83":0,"84":0,"85":0,"86":0,"87":0,"88":0,"89":0,"90":0,"91":0,"92":0,"93":0,"94":0,"95":0,"96":3,"97":0,"98":0,"99":0,"100":0,"101":0,"102":0,"103":0,"104":0,"105":0,"106":0,"107":0,"108":0},"f":{"0":0,"1":0,"2":0,"3":0,"4":0,"5":0,"6":0,"7":0,"8":0,"9":0,"10":0,"11":0,"12":0,"13":0,"14":0,"15":0,"16":0,"17":0,"18":0,"19":0,"20":0,"21":0,"22":0},"b":{"0":[0,0],"1":[0,0],"2":[0,0],"3":[0,0],"4":[0,0],"5":[0,0],"6":[0,0],"7":[0,0],"8":[0,0],"9":[0,0],"10":[0,0,0,0,0],"11":[0,0],"12":[0,0,0,0,0],"13":[0,0],"14":[0,0],"15":[0,0],"16":[0,0],"17":[0,0],"18":[0,0],"19":[0,0],"20":[0,0],"21":[0,0],"22":[0,0]},"_coverageSchema":"1a1c01bbd47fc00a2c39e90264f33305004495a9","hash":"50d9d39c254bf312648ec85f8be878d7938a197d"}
,"/app/controllers/post.controller.js": {"path":"/app/controllers/post.controller.js","statementMap":{"0":{"start":{"line":1,"column":27},"end":{"line":1,"column":66}},"1":{"start":{"line":2,"column":14},"end":{"line":2,"column":39}},"2":{"start":{"line":3,"column":25},"end":{"line":3,"column":62}},"3":{"start":{"line":4,"column":13},"end":{"line":4,"column":38}},"4":{"start":{"line":5,"column":16},"end":{"line":5,"column":44}},"5":{"start":{"line":6,"column":19},"end":{"line":6,"column":57}},"6":{"start":{"line":7,"column":17},"end":{"line":7,"column":53}},"7":{"start":{"line":9,"column":24},"end":{"line":9,"column":66}},"8":{"start":{"line":10,"column":15},"end":{"line":10,"column":49}},"9":{"start":{"line":13,"column":0},"end":{"line":62,"column":1}},"10":{"start":{"line":14,"column":4},"end":{"line":61,"column":6}},"11":{"start":{"line":32,"column":8},"end":{"line":41,"column":9}},"12":{"start":{"line":33,"column":12},"end":{"line":40,"column":14}},"13":{"start":{"line":44,"column":8},"end":{"line":44,"column":27}},"14":{"start":{"line":45,"column":8},"end":{"line":60,"column":9}},"15":{"start":{"line":46,"column":12},"end":{"line":51,"column":13}},"16":{"start":{"line":54,"column":12},"end":{"line":59,"column":13}},"17":{"start":{"line":64,"column":0},"end":{"line":121,"column":1}},"18":{"start":{"line":65,"column":15},"end":{"line":65,"column":28}},"19":{"start":{"line":67,"column":4},"end":{"line":75,"column":5}},"20":{"start":{"line":68,"column":8},"end":{"line":74,"column":10}},"21":{"start":{"line":77,"column":4},"end":{"line":120,"column":6}},"22":{"start":{"line":91,"column":8},"end":{"line":100,"column":9}},"23":{"start":{"line":92,"column":12},"end":{"line":99,"column":14}},"24":{"start":{"line":103,"column":8},"end":{"line":103,"column":27}},"25":{"start":{"line":104,"column":8},"end":{"line":119,"column":9}},"26":{"start":{"line":105,"column":12},"end":{"line":110,"column":13}},"27":{"start":{"line":113,"column":12},"end":{"line":118,"column":13}},"28":{"start":{"line":123,"column":0},"end":{"line":175,"column":1}},"29":{"start":{"line":124,"column":4},"end":{"line":174,"column":6}},"30":{"start":{"line":145,"column":8},"end":{"line":154,"column":9}},"31":{"start":{"line":146,"column":12},"end":{"line":153,"column":14}},"32":{"start":{"line":157,"column":8},"end":{"line":157,"column":27}},"33":{"start":{"line":158,"column":8},"end":{"line":173,"column":9}},"34":{"start":{"line":159,"column":12},"end":{"line":164,"column":13}},"35":{"start":{"line":167,"column":12},"end":{"line":172,"column":13}},"36":{"start":{"line":177,"column":0},"end":{"line":230,"column":1}},"37":{"start":{"line":178,"column":4},"end":{"line":229,"column":6}},"38":{"start":{"line":200,"column":8},"end":{"line":209,"column":9}},"39":{"start":{"line":201,"column":12},"end":{"line":208,"column":14}},"40":{"start":{"line":212,"column":8},"end":{"line":212,"column":27}},"41":{"start":{"line":213,"column":8},"end":{"line":228,"column":9}},"42":{"start":{"line":214,"column":12},"end":{"line":219,"column":13}},"43":{"start":{"line":222,"column":12},"end":{"line":227,"column":13}},"44":{"start":{"line":232,"column":0},"end":{"line":321,"column":1}},"45":{"start":{"line":234,"column":117},"end":{"line":234,"column":125}},"46":{"start":{"line":235,"column":17},"end":{"line":235,"column":25}},"47":{"start":{"line":237,"column":4},"end":{"line":245,"column":5}},"48":{"start":{"line":238,"column":8},"end":{"line":244,"column":9}},"49":{"start":{"line":247,"column":15},"end":{"line":247,"column":17}},"50":{"start":{"line":249,"column":4},"end":{"line":259,"column":5}},"51":{"start":{"line":261,"column":4},"end":{"line":272,"column":5}},"52":{"start":{"line":262,"column":8},"end":{"line":271,"column":9}},"53":{"start":{"line":263,"column":12},"end":{"line":270,"column":13}},"54":{"start":{"line":274,"column":4},"end":{"line":276,"column":6}},"55":{"start":{"line":278,"column":4},"end":{"line":320,"column":6}},"56":{"start":{"line":280,"column":8},"end":{"line":301,"column":9}},"57":{"start":{"line":281,"column":12},"end":{"line":287,"column":13}},"58":{"start":{"line":291,"column":12},"end":{"line":291,"column":114}},"59":{"start":{"line":293,"column":12},"end":{"line":300,"column":13}},"60":{"start":{"line":304,"column":8},"end":{"line":304,"column":27}},"61":{"start":{"line":305,"column":8},"end":{"line":313,"column":9}},"62":{"start":{"line":306,"column":12},"end":{"line":312,"column":13}},"63":{"start":{"line":314,"column":8},"end":{"line":319,"column":9}},"64":{"start":{"line":323,"column":0},"end":{"line":426,"column":1}},"65":{"start":{"line":324,"column":15},"end":{"line":324,"column":28}},"66":{"start":{"line":326,"column":4},"end":{"line":334,"column":5}},"67":{"start":{"line":327,"column":8},"end":{"line":333,"column":9}},"68":{"start":{"line":336,"column":115},"end":{"line":336,"column":123}},"69":{"start":{"line":337,"column":17},"end":{"line":337,"column":25}},"70":{"start":{"line":339,"column":15},"end":{"line":339,"column":17}},"71":{"start":{"line":341,"column":4},"end":{"line":351,"column":6}},"72":{"start":{"line":353,"column":4},"end":{"line":365,"column":5}},"73":{"start":{"line":354,"column":8},"end":{"line":364,"column":9}},"74":{"start":{"line":355,"column":12},"end":{"line":355,"column":40}},"75":{"start":{"line":356,"column":12},"end":{"line":362,"column":14}},"76":{"start":{"line":363,"column":12},"end":{"line":363,"column":25}},"77":{"start":{"line":367,"column":19},"end":{"line":367,"column":30}},"78":{"start":{"line":369,"column":31},"end":{"line":373,"column":6}},"79":{"start":{"line":375,"column":39},"end":{"line":379,"column":6}},"80":{"start":{"line":381,"column":4},"end":{"line":389,"column":5}},"81":{"start":{"line":382,"column":8},"end":{"line":388,"column":9}},"82":{"start":{"line":391,"column":4},"end":{"line":425,"column":6}},"83":{"start":{"line":397,"column":8},"end":{"line":397,"column":37}},"84":{"start":{"line":398,"column":8},"end":{"line":415,"column":9}},"85":{"start":{"line":399,"column":12},"end":{"line":405,"column":13}},"86":{"start":{"line":408,"column":12},"end":{"line":414,"column":13}},"87":{"start":{"line":418,"column":8},"end":{"line":418,"column":25}},"88":{"start":{"line":419,"column":8},"end":{"line":424,"column":9}},"89":{"start":{"line":428,"column":0},"end":{"line":504,"column":1}},"90":{"start":{"line":429,"column":15},"end":{"line":429,"column":28}},"91":{"start":{"line":430,"column":31},"end":{"line":430,"column":58}},"92":{"start":{"line":432,"column":4},"end":{"line":440,"column":5}},"93":{"start":{"line":433,"column":8},"end":{"line":439,"column":9}},"94":{"start":{"line":442,"column":17},"end":{"line":442,"column":58}},"95":{"start":{"line":444,"column":38},"end":{"line":446,"column":6}},"96":{"start":{"line":448,"column":4},"end":{"line":457,"column":5}},"97":{"start":{"line":449,"column":8},"end":{"line":455,"column":9}},"98":{"start":{"line":456,"column":8},"end":{"line":456,"column":21}},"99":{"start":{"line":459,"column":18},"end":{"line":459,"column":20}},"100":{"start":{"line":461,"column":4},"end":{"line":463,"column":5}},"101":{"start":{"line":465,"column":4},"end":{"line":477,"column":5}},"102":{"start":{"line":466,"column":8},"end":{"line":466,"column":46}},"103":{"start":{"line":467,"column":8},"end":{"line":476,"column":9}},"104":{"start":{"line":468,"column":12},"end":{"line":474,"column":14}},"105":{"start":{"line":475,"column":12},"end":{"line":475,"column":25}},"106":{"start":{"line":481,"column":4},"end":{"line":503,"column":6}},"107":{"start":{"line":483,"column":8},"end":{"line":492,"column":9}},"108":{"start":{"line":484,"column":12},"end":{"line":491,"column":13}},"109":{"start":{"line":495,"column":8},"end":{"line":495,"column":25}},"110":{"start":{"line":496,"column":8},"end":{"line":502,"column":9}},"111":{"start":{"line":506,"column":0},"end":{"line":564,"column":1}},"112":{"start":{"line":507,"column":15},"end":{"line":507,"column":28}},"113":{"start":{"line":508,"column":4},"end":{"line":516,"column":5}},"114":{"start":{"line":509,"column":8},"end":{"line":515,"column":9}},"115":{"start":{"line":518,"column":19},"end":{"line":518,"column":30}},"116":{"start":{"line":520,"column":31},"end":{"line":524,"column":6}},"117":{"start":{"line":526,"column":39},"end":{"line":530,"column":6}},"118":{"start":{"line":532,"column":4},"end":{"line":540,"column":5}},"119":{"start":{"line":533,"column":8},"end":{"line":539,"column":9}},"120":{"start":{"line":542,"column":4},"end":{"line":563,"column":6}},"121":{"start":{"line":548,"column":8},"end":{"line":553,"column":9}},"122":{"start":{"line":556,"column":8},"end":{"line":556,"column":25}},"123":{"start":{"line":557,"column":8},"end":{"line":562,"column":9}},"124":{"start":{"line":567,"column":0},"end":{"line":601,"column":1}},"125":{"start":{"line":568,"column":15},"end":{"line":568,"column":28}},"126":{"start":{"line":569,"column":4},"end":{"line":577,"column":5}},"127":{"start":{"line":570,"column":8},"end":{"line":576,"column":9}},"128":{"start":{"line":579,"column":4},"end":{"line":600,"column":6}},"129":{"start":{"line":585,"column":8},"end":{"line":590,"column":9}},"130":{"start":{"line":593,"column":8},"end":{"line":593,"column":25}},"131":{"start":{"line":594,"column":8},"end":{"line":599,"column":9}},"132":{"start":{"line":603,"column":0},"end":{"line":619,"column":1}},"133":{"start":{"line":604,"column":15},"end":{"line":604,"column":28}},"134":{"start":{"line":605,"column":4},"end":{"line":618,"column":6}},"135":{"start":{"line":607,"column":8},"end":{"line":613,"column":9}},"136":{"start":{"line":616,"column":8},"end":{"line":616,"column":25}},"137":{"start":{"line":617,"column":8},"end":{"line":617,"column":33}},"138":{"start":{"line":621,"column":0},"end":{"line":660,"column":1}},"139":{"start":{"line":622,"column":19},"end":{"line":622,"column":43}},"140":{"start":{"line":623,"column":4},"end":{"line":659,"column":7}},"141":{"start":{"line":631,"column":8},"end":{"line":639,"column":9}},"142":{"start":{"line":632,"column":12},"end":{"line":638,"column":13}},"143":{"start":{"line":642,"column":8},"end":{"line":642,"column":27}},"144":{"start":{"line":643,"column":8},"end":{"line":658,"column":9}},"145":{"start":{"line":644,"column":12},"end":{"line":649,"column":13}},"146":{"start":{"line":652,"column":12},"end":{"line":657,"column":13}}},"fnMap":{"0":{"name":"(anonymous_0)","decl":{"start":{"line":13,"column":20},"end":{"line":13,"column":21}},"loc":{"start":{"line":13,"column":40},"end":{"line":62,"column":1}},"line":13},"1":{"name":"(anonymous_1)","decl":{"start":{"line":31,"column":10},"end":{"line":31,"column":11}},"loc":{"start":{"line":31,"column":18},"end":{"line":42,"column":5}},"line":31},"2":{"name":"(anonymous_2)","decl":{"start":{"line":43,"column":11},"end":{"line":43,"column":12}},"loc":{"start":{"line":43,"column":18},"end":{"line":61,"column":5}},"line":43},"3":{"name":"(anonymous_3)","decl":{"start":{"line":64,"column":24},"end":{"line":64,"column":25}},"loc":{"start":{"line":64,"column":38},"end":{"line":121,"column":1}},"line":64},"4":{"name":"(anonymous_4)","decl":{"start":{"line":90,"column":10},"end":{"line":90,"column":11}},"loc":{"start":{"line":90,"column":18},"end":{"line":101,"column":5}},"line":90},"5":{"name":"(anonymous_5)","decl":{"start":{"line":102,"column":11},"end":{"line":102,"column":12}},"loc":{"start":{"line":102,"column":18},"end":{"line":120,"column":5}},"line":102},"6":{"name":"(anonymous_6)","decl":{"start":{"line":123,"column":42},"end":{"line":123,"column":43}},"loc":{"start":{"line":123,"column":62},"end":{"line":175,"column":1}},"line":123},"7":{"name":"(anonymous_7)","decl":{"start":{"line":144,"column":10},"end":{"line":144,"column":11}},"loc":{"start":{"line":144,"column":18},"end":{"line":155,"column":5}},"line":144},"8":{"name":"(anonymous_8)","decl":{"start":{"line":156,"column":11},"end":{"line":156,"column":12}},"loc":{"start":{"line":156,"column":18},"end":{"line":174,"column":5}},"line":156},"9":{"name":"(anonymous_9)","decl":{"start":{"line":177,"column":28},"end":{"line":177,"column":29}},"loc":{"start":{"line":177,"column":48},"end":{"line":230,"column":1}},"line":177},"10":{"name":"(anonymous_10)","decl":{"start":{"line":199,"column":10},"end":{"line":199,"column":11}},"loc":{"start":{"line":199,"column":18},"end":{"line":210,"column":5}},"line":199},"11":{"name":"(anonymous_11)","decl":{"start":{"line":211,"column":11},"end":{"line":211,"column":12}},"loc":{"start":{"line":211,"column":18},"end":{"line":229,"column":5}},"line":211},"12":{"name":"(anonymous_12)","decl":{"start":{"line":232,"column":22},"end":{"line":232,"column":23}},"loc":{"start":{"line":232,"column":48},"end":{"line":321,"column":1}},"line":232},"13":{"name":"(anonymous_13)","decl":{"start":{"line":279,"column":10},"end":{"line":279,"column":11}},"loc":{"start":{"line":279,"column":18},"end":{"line":302,"column":5}},"line":279},"14":{"name":"(anonymous_14)","decl":{"start":{"line":303,"column":11},"end":{"line":303,"column":12}},"loc":{"start":{"line":303,"column":18},"end":{"line":320,"column":5}},"line":303},"15":{"name":"(anonymous_15)","decl":{"start":{"line":323,"column":20},"end":{"line":323,"column":21}},"loc":{"start":{"line":323,"column":46},"end":{"line":426,"column":1}},"line":323},"16":{"name":"(anonymous_16)","decl":{"start":{"line":396,"column":10},"end":{"line":396,"column":11}},"loc":{"start":{"line":396,"column":22},"end":{"line":416,"column":5}},"line":396},"17":{"name":"(anonymous_17)","decl":{"start":{"line":417,"column":11},"end":{"line":417,"column":12}},"loc":{"start":{"line":417,"column":18},"end":{"line":425,"column":5}},"line":417},"18":{"name":"(anonymous_18)","decl":{"start":{"line":428,"column":39},"end":{"line":428,"column":40}},"loc":{"start":{"line":428,"column":59},"end":{"line":504,"column":1}},"line":428},"19":{"name":"(anonymous_19)","decl":{"start":{"line":482,"column":10},"end":{"line":482,"column":11}},"loc":{"start":{"line":482,"column":22},"end":{"line":493,"column":5}},"line":482},"20":{"name":"(anonymous_20)","decl":{"start":{"line":494,"column":11},"end":{"line":494,"column":12}},"loc":{"start":{"line":494,"column":18},"end":{"line":503,"column":5}},"line":494},"21":{"name":"(anonymous_21)","decl":{"start":{"line":506,"column":22},"end":{"line":506,"column":23}},"loc":{"start":{"line":506,"column":48},"end":{"line":564,"column":1}},"line":506},"22":{"name":"(anonymous_22)","decl":{"start":{"line":547,"column":10},"end":{"line":547,"column":11}},"loc":{"start":{"line":547,"column":16},"end":{"line":554,"column":5}},"line":547},"23":{"name":"(anonymous_23)","decl":{"start":{"line":555,"column":11},"end":{"line":555,"column":12}},"loc":{"start":{"line":555,"column":18},"end":{"line":563,"column":5}},"line":555},"24":{"name":"(anonymous_24)","decl":{"start":{"line":567,"column":31},"end":{"line":567,"column":32}},"loc":{"start":{"line":567,"column":57},"end":{"line":601,"column":1}},"line":567},"25":{"name":"(anonymous_25)","decl":{"start":{"line":584,"column":10},"end":{"line":584,"column":11}},"loc":{"start":{"line":584,"column":16},"end":{"line":591,"column":5}},"line":584},"26":{"name":"(anonymous_26)","decl":{"start":{"line":592,"column":11},"end":{"line":592,"column":12}},"loc":{"start":{"line":592,"column":18},"end":{"line":600,"column":5}},"line":592},"27":{"name":"(anonymous_27)","decl":{"start":{"line":603,"column":23},"end":{"line":603,"column":24}},"loc":{"start":{"line":603,"column":43},"end":{"line":619,"column":1}},"line":603},"28":{"name":"(anonymous_28)","decl":{"start":{"line":606,"column":10},"end":{"line":606,"column":11}},"loc":{"start":{"line":606,"column":18},"end":{"line":614,"column":5}},"line":606},"29":{"name":"(anonymous_29)","decl":{"start":{"line":615,"column":11},"end":{"line":615,"column":12}},"loc":{"start":{"line":615,"column":18},"end":{"line":618,"column":5}},"line":615},"30":{"name":"(anonymous_30)","decl":{"start":{"line":621,"column":22},"end":{"line":621,"column":23}},"loc":{"start":{"line":621,"column":42},"end":{"line":660,"column":1}},"line":621},"31":{"name":"(anonymous_31)","decl":{"start":{"line":630,"column":10},"end":{"line":630,"column":11}},"loc":{"start":{"line":630,"column":18},"end":{"line":640,"column":5}},"line":630},"32":{"name":"(anonymous_32)","decl":{"start":{"line":641,"column":11},"end":{"line":641,"column":12}},"loc":{"start":{"line":641,"column":18},"end":{"line":659,"column":5}},"line":641}},"branchMap":{"0":{"loc":{"start":{"line":32,"column":8},"end":{"line":41,"column":9}},"type":"if","locations":[{"start":{"line":32,"column":8},"end":{"line":41,"column":9}},{"start":{},"end":{}}],"line":32},"1":{"loc":{"start":{"line":45,"column":8},"end":{"line":60,"column":9}},"type":"if","locations":[{"start":{"line":45,"column":8},"end":{"line":60,"column":9}},{"start":{"line":53,"co
[...]
,"/app/models/validationstatus.js": {"path":"/app/models/validationstatus.js","statementMap":{"0":{"start":{"line":4,"column":4},"end":{"line":4,"column":24}},"1":{"start":{"line":5,"column":0},"end":{"line":25,"column":2}},"2":{"start":{"line":14,"column":6},"end":{"line":14,"column":44}},"3":{"start":{"line":15,"column":6},"end":{"line":15,"column":47}},"4":{"start":{"line":18,"column":2},"end":{"line":23,"column":5}},"5":{"start":{"line":24,"column":2},"end":{"line":24,"column":26}}},"fnMap":{"0":{"name":"(anonymous_0)","decl":{"start":{"line":5,"column":17},"end":{"line":5,"column":18}},"loc":{"start":{"line":5,"column":43},"end":{"line":25,"column":1}},"line":5},"1":{"name":"(anonymous_1)","decl":{"start":{"line":12,"column":4},"end":{"line":12,"column":5}},"loc":{"start":{"line":12,"column":29},"end":{"line":16,"column":5}},"line":12}},"branchMap":{},"s":{"0":3,"1":3,"2":3,"3":3,"4":3,"5":3},"f":{"0":3,"1":3},"b":{},"_coverageSchema":"1a1c01bbd47fc00a2c39e90264f33305004495a9","hash":"c864b82ead4f27f4e3d149b37db80439d02edc06"}
,"/app/routes/app.router.js": {"path":"/app/routes/app.router.js","statementMap":{"0":{"start":{"line":1,"column":14},"end":{"line":1,"column":32}},"1":{"start":{"line":2,"column":20},"end":{"line":2,"column":63}},"2":{"start":{"line":4,"column":15},"end":{"line":4,"column":31}},"3":{"start":{"line":6,"column":0},"end":{"line":6,"column":45}},"4":{"start":{"line":7,"column":0},"end":{"line":7,"column":49}},"5":{"start":{"line":9,"column":0},"end":{"line":9,"column":24}}},"fnMap":{},"branchMap":{},"s":{"0":3,"1":3,"2":3,"3":3,"4":3,"5":3},"f":{},"b":{},"_coverageSchema":"1a1c01bbd47fc00a2c39e90264f33305004495a9","hash":"d39a3eb2c0b15d1c1bf920503ebdd41f6e496f33"}
,"/app/routes/auth.router.js": {"path":"/app/routes/auth.router.js","statementMap":{"0":{"start":{"line":1,"column":16},"end":{"line":1,"column":34}},"1":{"start":{"line":2,"column":15},"end":{"line":2,"column":31}},"2":{"start":{"line":3,"column":23},"end":{"line":3,"column":67}},"3":{"start":{"line":5,"column":0},"end":{"line":5,"column":50}},"4":{"start":{"line":6,"column":0},"end":{"line":6,"column":39}},"5":{"start":{"line":8,"column":0},"end":{"line":8,"column":52}},"6":{"start":{"line":10,"column":0},"end":{"line":10,"column":24}}},"fnMap":{},"branchMap":{},"s":{"0":3,"1":3,"2":3,"3":3,"4":3,"5":3,"6":3},"f":{},"b":{},"_coverageSchema":"1a1c01bbd47fc00a2c39e90264f33305004495a9","hash":"cc5352ffab52945682f212808a2a0e2d1746a857"}
,"/app/routes/booking.router.js": {"path":"/app/routes/booking.router.js","statementMap":{"0":{"start":{"line":1,"column":16},"end":{"line":1,"column":34}},"1":{"start":{"line":2,"column":15},"end":{"line":2,"column":31}},"2":{"start":{"line":3,"column":20},"end":{"line":3,"column":67}},"3":{"start":{"line":5,"column":0},"end":{"line":5,"column":44}},"4":{"start":{"line":6,"column":0},"end":{"line":6,"column":56}},"5":{"start":{"line":7,"column":0},"end":{"line":7,"column":47}},"6":{"start":{"line":8,"column":0},"end":{"line":8,"column":50}},"7":{"start":{"line":9,"column":0},"end":{"line":9,"column":56}},"8":{"start":{"line":13,"column":0},"end":{"line":13,"column":24}}},"fnMap":{},"branchMap":{},"s":{"0":3,"1":3,"2":3,"3":3,"4":3,"5":3,"6":3,"7":3,"8":3},"f":{},"b":{},"_coverageSchema":"1a1c01bbd47fc00a2c39e90264f33305004495a9","hash":"0a4737b6fbc467270befe9cc74c533ccc6298b21"}
,"/app/routes/parkingParticulier.router.js": {"path":"/app/routes/parkingParticulier.router.js","statementMap":{"0":{"start":{"line":1,"column":16},"end":{"line":1,"column":34}},"1":{"start":{"line":2,"column":37},"end":{"line":2,"column":92}},"2":{"start":{"line":3,"column":24},"end":{"line":3,"column":75}},"3":{"start":{"line":5,"column":0},"end":{"line":5,"column":27}},"4":{"start":{"line":7,"column":15},"end":{"line":7,"column":31}},"5":{"start":{"line":10,"column":0},"end":{"line":10,"column":72}},"6":{"start":{"line":11,"column":0},"end":{"line":11,"column":75}},"7":{"start":{"line":12,"column":0},"end":{"line":12,"column":86}},"8":{"start":{"line":13,"column":0},"end":{"line":13,"column":89}},"9":{"start":{"line":14,"column":0},"end":{"line":14,"column":94}},"10":{"start":{"line":15,"column":0},"end":{"line":15,"column":91}},"11":{"start":{"line":16,"column":0},"end":{"line":16,"column":93}},"12":{"start":{"line":20,"column":0},"end":{"line":20,"column":24}}},"fnMap":{},"branchMap":{},"s":{"0":3,"1":3,"2":3,"3":3,"4":3,"5":3,"6":3,"7":3,"8":3,"9":3,"10":3,"11":3,"12":3},"f":{},"b":{},"_coverageSchema":"1a1c01bbd47fc00a2c39e90264f33305004495a9","hash":"abbdfda5500211f11cdf73c4ccbb5254483d7093"}
,"/app/routes/picture.router.js": {"path":"/app/routes/picture.router.js","statementMap":{"0":{"start":{"line":1,"column":16},"end":{"line":1,"column":34}},"1":{"start":{"line":2,"column":15},"end":{"line":2,"column":31}},"2":{"start":{"line":3,"column":20},"end":{"line":3,"column":72}},"3":{"start":{"line":4,"column":23},"end":{"line":4,"column":78}},"4":{"start":{"line":8,"column":0},"end":{"line":8,"column":59}},"5":{"start":{"line":9,"column":0},"end":{"line":9,"column":52}},"6":{"start":{"line":10,"column":0},"end":{"line":10,"column":55}},"7":{"start":{"line":11,"column":0},"end":{"line":11,"column":58}},"8":{"start":{"line":14,"column":0},"end":{"line":14,"column":61}},"9":{"start":{"line":15,"column":0},"end":{"line":15,"column":64}},"10":{"start":{"line":16,"column":0},"end":{"line":16,"column":67}},"11":{"start":{"line":21,"column":0},"end":{"line":21,"column":24}}},"fnMap":{},"branchMap":{},"s":{"0":3,"1":3,"2":3,"3":3,"4":3,"5":3,"6":3,"7":3,"8":3,"9":3,"10":3,"11":3},"f":{},"b":{},"_coverageSchema":"1a1c01bbd47fc00a2c39e90264f33305004495a9","hash":"5c854066de3a145c9497256a2c821348957c270a"}
,"/app/routes/post.router.js": {"path":"/app/routes/post.router.js","statementMap":{"0":{"start":{"line":1,"column":16},"end":{"line":1,"column":34}},"1":{"start":{"line":2,"column":15},"end":{"line":2,"column":31}},"2":{"start":{"line":3,"column":24},"end":{"line":3,"column":72}},"3":{"start":{"line":5,"column":24},"end":{"line":5,"column":65}},"4":{"start":{"line":7,"column":0},"end":{"line":7,"column":43}},"5":{"start":{"line":8,"column":0},"end":{"line":8,"column":50}},"6":{"start":{"line":9,"column":0},"end":{"line":9,"column":63}},"7":{"start":{"line":10,"column":0},"end":{"line":10,"column":63}},"8":{"start":{"line":11,"column":0},"end":{"line":11,"column":88}},"9":{"start":{"line":12,"column":0},"end":{"line":12,"column":49}},"10":{"start":{"line":13,"column":0},"end":{"line":13,"column":87}},"11":{"start":{"line":14,"column":0},"end":{"line":14,"column":59}},"12":{"start":{"line":15,"column":0},"end":{"line":15,"column":58}},"13":{"start":{"line":16,"column":0},"end":{"line":16,"column":68}},"14":{"start":{"line":17,"column":0},"end":{"line":17,"column":83}},"15":{"start":{"line":19,"column":0},"end":{"line":19,"column":24}}},"fnMap":{},"branchMap":{},"s":{"0":3,"1":3,"2":3,"3":3,"4":3,"5":3,"6":3,"7":3,"8":3,"9":3,"10":3,"11":3,"12":3,"13":3,"14":3,"15":3},"f":{},"b":{},"_coverageSchema":"1a1c01bbd47fc00a2c39e90264f33305004495a9","hash":"a101fef3ca2845df7f6e9302af740c160fb43934"}
,"/app/routes/role.router.js": {"path":"/app/routes/role.router.js","statementMap":{"0":{"start":{"line":1,"column":16},"end":{"line":1,"column":34}},"1":{"start":{"line":2,"column":15},"end":{"line":2,"column":31}},"2":{"start":{"line":4,"column":23},"end":{"line":4,"column":64}},"3":{"start":{"line":6,"column":0},"end":{"line":6,"column":42}},"4":{"start":{"line":7,"column":0},"end":{"line":7,"column":52}},"5":{"start":{"line":8,"column":0},"end":{"line":8,"column":64}},"6":{"start":{"line":9,"column":0},"end":{"line":9,"column":51}},"7":{"start":{"line":10,"column":0},"end":{"line":10,"column":55}},"8":{"start":{"line":11,"column":0},"end":{"line":11,"column":60}},"9":{"start":{"line":13,"column":0},"end":{"line":13,"column":24}}},"fnMap":{},"branchMap":{},"s":{"0":3,"1":3,"2":3,"3":3,"4":3,"5":3,"6":3,"7":3,"8":3,"9":3},"f":{},"b":{},"_coverageSchema":"1a1c01bbd47fc00a2c39e90264f33305004495a9","hash":"d6f51a78db19007ab5a896d73bbbd2358ea2e8e1"}
,"/app/routes/user.router.js": {"path":"/app/routes/user.router.js","statementMap":{"0":{"start":{"line":1,"column":16},"end":{"line":1,"column":34}},"1":{"start":{"line":2,"column":15},"end":{"line":2,"column":32}},"2":{"start":{"line":3,"column":18},"end":{"line":3,"column":56}},"3":{"start":{"line":4,"column":17},"end":{"line":4,"column":53}},"4":{"start":{"line":5,"column":19},"end":{"line":5,"column":57}},"5":{"start":{"line":6,"column":15},"end":{"line":6,"column":49}},"6":{"start":{"line":7,"column":0},"end":{"line":7,"column":27}},"7":{"start":{"line":9,"column":15},"end":{"line":9,"column":31}},"8":{"start":{"line":11,"column":16},"end":{"line":20,"column":2}},"9":{"start":{"line":13,"column":8},"end":{"line":13,"column":53}},"10":{"start":{"line":16,"column":29},"end":{"line":16,"column":79}},"11":{"start":{"line":17,"column":18},"end":{"line":17,"column":107}},"12":{"start":{"line":18,"column":8},"end":{"line":18,"column":57}},"13":{"start":{"line":21,"column":19},"end":{"line":33,"column":2}},"14":{"start":{"line":24,"column":8},"end":{"line":28,"column":9}},"15":{"start":{"line":25,"column":13},"end":{"line":25,"column":28}},"16":{"start":{"line":27,"column":12},"end":{"line":27,"column":78}},"17":{"start":{"line":35,"column":13},"end":{"line":35,"column":41}},"18":{"start":{"line":37,"column":23},"end":{"line":37,"column":67}},"19":{"start":{"line":39,"column":0},"end":{"line":39,"column":43}},"20":{"start":{"line":40,"column":0},"end":{"line":40,"column":47}},"21":{"start":{"line":41,"column":0},"end":{"line":41,"column":46}},"22":{"start":{"line":42,"column":0},"end":{"line":42,"column":65}},"23":{"start":{"line":43,"column":0},"end":{"line":43,"column":49}},"24":{"start":{"line":44,"column":0},"end":{"line":44,"column":62}},"25":{"start":{"line":45,"column":0},"end":{"line":45,"column":61}},"26":{"start":{"line":46,"column":0},"end":{"line":78,"column":3}},"27":{"start":{"line":47,"column":4},"end":{"line":47,"column":45}},"28":{"start":{"line":48,"column":4},"end":{"line":77,"column":7}},"29":{"start":{"line":50,"column":8},"end":{"line":69,"column":9}},"30":{"start":{"line":52,"column":12},"end":{"line":56,"column":13}},"31":{"start":{"line":53,"column":16},"end":{"line":53,"column":71}},"32":{"start":{"line":54,"column":16},"end":{"line":55,"column":142}},"33":{"start":{"line":58,"column":12},"end":{"line":62,"column":13}},"34":{"start":{"line":59,"column":16},"end":{"line":59,"column":58}},"35":{"start":{"line":60,"column":16},"end":{"line":61,"column":129}},"36":{"start":{"line":64,"column":12},"end":{"line":68,"column":13}},"37":{"start":{"line":65,"column":16},"end":{"line":65,"column":47}},"38":{"start":{"line":66,"column":16},"end":{"line":67,"column":118}},"39":{"start":{"line":70,"column":8},"end":{"line":74,"column":9}},"40":{"start":{"line":71,"column":12},"end":{"line":72,"column":134}},"41":{"start":{"line":73,"column":12},"end":{"line":73,"column":19}},"42":{"start":{"line":76,"column":8},"end":{"line":76,"column":54}},"43":{"start":{"line":80,"column":0},"end":{"line":80,"column":24}}},"fnMap":{"0":{"name":"(anonymous_0)","decl":{"start":{"line":12,"column":16},"end":{"line":12,"column":17}},"loc":{"start":{"line":12,"column":34},"end":{"line":14,"column":5}},"line":12},"1":{"name":"(anonymous_1)","decl":{"start":{"line":15,"column":13},"end":{"line":15,"column":14}},"loc":{"start":{"line":15,"column":32},"end":{"line":19,"column":5}},"line":15},"2":{"name":"(anonymous_2)","decl":{"start":{"line":23,"column":16},"end":{"line":23,"column":17}},"loc":{"start":{"line":23,"column":35},"end":{"line":29,"column":5}},"line":23},"3":{"name":"(anonymous_3)","decl":{"start":{"line":46,"column":27},"end":{"line":46,"column":28}},"loc":{"start":{"line":46,"column":41},"end":{"line":78,"column":1}},"line":46},"4":{"name":"(anonymous_4)","decl":{"start":{"line":48,"column":21},"end":{"line":48,"column":22}},"loc":{"start":{"line":48,"column":30},"end":{"line":77,"column":5}},"line":48}},"branchMap":{"0":{"loc":{"start":{"line":24,"column":8},"end":{"line":28,"column":9}},"type":"if","locations":[{"start":{"line":24,"column":8},"end":{"line":28,"column":9}},{"start":{"line":26,"column":13},"end":{"line":28,"column":9}}],"line":24},"1":{"loc":{"start":{"line":24,"column":11},"end":{"line":24,"column":107}},"type":"binary-expr","locations":[{"start":{"line":24,"column":11},"end":{"line":24,"column":40}},{"start":{"line":24,"column":44},"end":{"line":24,"column":73}},{"start":{"line":24,"column":77},"end":{"line":24,"column":107}}],"line":24},"2":{"loc":{"start":{"line":50,"column":8},"end":{"line":69,"column":9}},"type":"if","locations":[{"start":{"line":50,"column":8},"end":{"line":69,"column":9}},{"start":{},"end":{}}],"line":50},"3":{"loc":{"start":{"line":52,"column":12},"end":{"line":56,"column":13}},"type":"if","locations":[{"start":{"line":52,"column":12},"end":{"line":56,"column":13}},{"start":{},"end":{}}],"line":52},"4":{"loc":{"start":{"line":58,"column":12},"end":{"line":62,"column":13}},"type":"if","locations":[{"start":{"line":58,"column":12},"end":{"line":62,"column":13}},{"start":{},"end":{}}],"line":58},"5":{"loc":{"start":{"line":64,"column":12},"end":{"line":68,"column":13}},"type":"if","locations":[{"start":{"line":64,"column":12},"end":{"line":68,"column":13}},{"start":{},"end":{}}],"line":64},"6":{"loc":{"start":{"line":70,"column":8},"end":{"line":74,"column":9}},"type":"if","locations":[{"start":{"line":70,"column":8},"end":{"line":74,"column":9}},{"start":{},"end":{}}],"line":70}},"s":{"0":3,"1":3,"2":3,"3":3,"4":3,"5":3,"6":3,"7":3,"8":3,"9":0,"10":0,"11":0,"12":0,"13":3,"14":0,"15":0,"16":0,"17":3,"18":3,"19":3,"20":3,"21":3,"22":3,"23":3,"24":3,"25":3,"26":3,"27":0,"28":0,"29":0,"30":0,"31":0,"32":0,"33":0,"34":0,"35":0,"36":0,"37":0,"38":0,"39":0,"40":0,"41":0,"42":0,"43":3},"f":{"0":0,"1":0,"2":0,"3":0,"4":0},"b":{"0":[0,0],"1":[0,0,0],"2":[0,0],"3":[0,0],"4":[0,0],"5":[0,0],"6":[0,0]},"_coverageSchema":"1a1c01bbd47fc00a2c39e90264f33305004495a9","hash":"071698f295450f072f3be3141c2b91e8abaa88bf"}
,"/app/routes/validationStatus.router.js": {"path":"/app/routes/validationStatus.router.js","statementMap":{"0":{"start":{"line":1,"column":16},"end":{"line":1,"column":34}},"1":{"start":{"line":2,"column":15},"end":{"line":2,"column":31}},"2":{"start":{"line":4,"column":36},"end":{"line":4,"column":89}},"3":{"start":{"line":6,"column":0},"end":{"line":6,"column":71}},"4":{"start":{"line":7,"column":0},"end":{"line":8,"column":76}},"5":{"start":{"line":9,"column":0},"end":{"line":9,"column":77}},"6":{"start":{"line":10,"column":0},"end":{"line":10,"column":82}},"7":{"start":{"line":12,"column":0},"end":{"line":12,"column":24}}},"fnMap":{},"branchMap":{},"s":{"0":3,"1":3,"2":3,"3":3,"4":3,"5":3,"6":3,"7":3},"f":{},"b":{},"_coverageSchema":"1a1c01bbd47fc00a2c39e90264f33305004495a9","hash":"070b6971d1656201c89296c97a713d062e05cf29"}
,"/app/services/socketIo.service.js": {"path":"/app/services/socketIo.service.js","statementMap":{"0":{"start":{"line":3,"column":16},"end":{"line":3,"column":20}},"1":{"start":{"line":4,"column":20},"end":{"line":4,"column":24}},"2":{"start":{"line":7,"column":8},"end":{"line":7,"column":27}},"3":{"start":{"line":8,"column":8},"end":{"line":10,"column":9}},"4":{"start":{"line":9,"column":12},"end":{"line":9,"column":41}},"5":{"start":{"line":12,"column":8},"end":{"line":17,"column":10}},"6":{"start":{"line":13,"column":12},"end":{"line":13,"column":46}},"7":{"start":{"line":14,"column":12},"end":{"line":16,"column":13}},"8":{"start":{"line":15,"column":16},"end":{"line":15,"column":48}},"9":{"start":{"line":22,"column":0},"end":{"line":22,"column":33}}},"fnMap":{"0":{"name":"(anonymous_0)","decl":{"start":{"line":6,"column":4},"end":{"line":6,"column":5}},"loc":{"start":{"line":6,"column":25},"end":{"line":18,"column":5}},"line":6},"1":{"name":"(anonymous_1)","decl":{"start":{"line":12,"column":33},"end":{"line":12,"column":34}},"loc":{"start":{"line":12,"column":43},"end":{"line":17,"column":9}},"line":12},"2":{"name":"(anonymous_2)","decl":{"start":{"line":13,"column":36},"end":{"line":13,"column":37}},"loc":{"start":{"line":13,"column":42},"end":{"line":13,"column":44}},"line":13}},"branchMap":{"0":{"loc":{"start":{"line":8,"column":8},"end":{"line":10,"column":9}},"type":"if","locations":[{"start":{"line":8,"column":8},"end":{"line":10,"column":9}},{"start":{},"end":{}}],"line":8},"1":{"loc":{"start":{"line":14,"column":12},"end":{"line":16,"column":13}},"type":"if","locations":[{"start":{"line":14,"column":12},"end":{"line":16,"column":13}},{"start":{},"end":{}}],"line":14}},"s":{"0":3,"1":3,"2":3,"3":3,"4":3,"5":3,"6":0,"7":0,"8":0,"9":3},"f":{"0":3,"1":0,"2":0},"b":{"0":[3,0],"1":[0,0]},"_coverageSchema":"1a1c01bbd47fc00a2c39e90264f33305004495a9","hash":"1c5ce1a2b43e9d400d2d6f2aac2da5c31d7ef7d0"}
,"/app/utils/constantes.util.js": {"path":"/app/utils/constantes.util.js","statementMap":{"0":{"start":{"line":1,"column":16},"end":{"line":1,"column":31}},"1":{"start":{"line":2,"column":0},"end":{"line":5,"column":2}}},"fnMap":{},"branchMap":{},"s":{"0":3,"1":3},"f":{},"b":{},"_coverageSchema":"1a1c01bbd47fc00a2c39e90264f33305004495a9","hash":"8650668eb545f046b8c22585f8f21fae208e9ce1"}
,"/app/utils/httpStatus.util.js": {"path":"/app/utils/httpStatus.util.js","statementMap":{"0":{"start":{"line":1,"column":0},"end":{"line":13,"column":1}}},"fnMap":{},"branchMap":{},"s":{"0":3},"f":{},"b":{},"_coverageSchema":"1a1c01bbd47fc00a2c39e90264f33305004495a9","hash":"660da3bb335f64507a1ad18914f620b811945b24"}
,"/app/utils/logger.util.js": {"path":"/app/utils/logger.util.js","statementMap":{"0":{"start":{"line":1,"column":15},"end":{"line":1,"column":30}},"1":{"start":{"line":3,"column":0},"end":{"line":12,"column":3}},"2":{"start":{"line":11,"column":18},"end":{"line":11,"column":64}}},"fnMap":{"0":{"name":"(anonymous_0)","decl":{"start":{"line":11,"column":14},"end":{"line":11,"column":15}},"loc":{"start":{"line":11,"column":18},"end":{"line":11,"column":64}},"line":11}},"branchMap":{},"s":{"0":3,"1":3,"2":14},"f":{"0":14},"b":{},"_coverageSchema":"1a1c01bbd47fc00a2c39e90264f33305004495a9","hash":"bf4717bcb97047abf468291376f25c3e71354509"}
,"/app/utils/response.util.js": {"path":"/app/utils/response.util.js","statementMap":{"0":{"start":{"line":3,"column":8},"end":{"line":3,"column":57}},"1":{"start":{"line":4,"column":8},"end":{"line":4,"column":37}},"2":{"start":{"line":5,"column":8},"end":{"line":5,"column":37}},"3":{"start":{"line":6,"column":8},"end":{"line":6,"column":31}},"4":{"start":{"line":7,"column":8},"end":{"line":7,"column":25}},"5":{"start":{"line":11,"column":0},"end":{"line":11,"column":26}}},"fnMap":{"0":{"name":"(anonymous_0)","decl":{"start":{"line":2,"column":4},"end":{"line":2,"column":5}},"loc":{"start":{"line":2,"column":54},"end":{"line":8,"column":5}},"line":2}},"branchMap":{"0":{"loc":{"start":{"line":2,"column":38},"end":{"line":2,"column":48}},"type":"default-arg","locations":[{"start":{"line":2,"column":46},"end":{"line":2,"column":48}}],"line":2}},"s":{"0":15,"1":15,"2":15,"3":15,"4":15,"5":3},"f":{"0":15},"b":{"0":[0]},"_coverageSchema":"1a1c01bbd47fc00a2c39e90264f33305004495a9","hash":"fc23a1164d4b126b3e2a20962f844c5dd53d611a"}
}
