TN:
SF:app.js
FN:71,(anonymous_0)
FN:72,(anonymous_1)
FN:74,(anonymous_2)
FNF:3
FNH:3
FNDA:1,(anonymous_0)
FNDA:1,(anonymous_1)
FNDA:3,(anonymous_2)
DA:1,3
DA:2,3
DA:3,3
DA:4,3
DA:5,3
DA:6,3
DA:7,3
DA:8,3
DA:9,3
DA:11,3
DA:13,3
DA:15,3
DA:20,3
DA:21,3
DA:22,3
DA:23,3
DA:24,3
DA:25,3
DA:26,3
DA:27,3
DA:33,3
DA:34,3
DA:35,3
DA:37,3
DA:38,3
DA:39,3
DA:41,3
DA:42,3
DA:43,3
DA:48,3
DA:49,3
DA:56,3
DA:62,3
DA:63,3
DA:64,3
DA:65,3
DA:66,3
DA:67,3
DA:68,3
DA:69,3
DA:70,3
DA:71,3
DA:72,3
DA:74,3
DA:75,3
DA:78,3
LF:46
LH:46
BRDA:35,0,0,3
BRDA:35,0,1,0
BRF:2
BRH:1
end_of_record
TN:
SF:config/config.js
FNF:0
FNH:0
DA:1,3
DA:3,3
LF:2
LH:2
BRF:0
BRH:0
end_of_record
TN:
SF:controllers/app.controller.js
FN:14,(anonymous_0)
FN:32,(anonymous_1)
FN:33,(anonymous_2)
FN:37,(anonymous_3)
FN:56,(anonymous_4)
FN:57,(anonymous_5)
FNF:6
FNH:0
FNDA:0,(anonymous_0)
FNDA:0,(anonymous_1)
FNDA:0,(anonymous_2)
FNDA:0,(anonymous_3)
FNDA:0,(anonymous_4)
FNDA:0,(anonymous_5)
DA:1,3
DA:2,3
DA:4,3
DA:6,3
DA:8,3
DA:14,3
DA:16,0
DA:17,0
DA:19,0
DA:20,0
DA:23,0
DA:31,0
DA:32,0
DA:33,0
DA:37,3
DA:38,0
DA:39,0
DA:40,0
DA:42,0
DA:43,0
DA:46,0
DA:53,0
DA:55,0
DA:56,0
DA:57,0
LF:25
LH:7
BRDA:19,0,0,0
BRDA:19,0,1,0
BRDA:42,1,0,0
BRDA:42,1,1,0
BRDA:42,2,0,0
BRDA:42,2,1,0
BRDA:53,3,0,0
BRDA:53,3,1,0
BRF:8
BRH:0
end_of_record
TN:
SF:controllers/auth.controller.js
FN:12,(anonymous_0)
FN:25,(anonymous_1)
FN:35,(anonymous_2)
FN:63,(anonymous_3)
FN:82,(anonymous_4)
FN:114,(anonymous_5)
FN:127,(anonymous_6)
FN:136,(anonymous_7)
FN:143,(anonymous_8)
FN:159,(anonymous_9)
FN:165,(anonymous_10)
FN:178,(anonymous_11)
FN:188,(anonymous_12)
FN:224,(anonymous_13)
FN:244,(anonymous_14)
FN:254,(anonymous_15)
FNF:16
FNH:13
FNDA:4,(anonymous_0)
FNDA:2,(anonymous_1)
FNDA:1,(anonymous_2)
FNDA:1,(anonymous_3)
FNDA:0,(anonymous_4)
FNDA:1,(anonymous_5)
FNDA:4,(anonymous_6)
FNDA:3,(anonymous_7)
FNDA:2,(anonymous_8)
FNDA:0,(anonymous_9)
FNDA:4,(anonymous_10)
FNDA:2,(anonymous_11)
FNDA:1,(anonymous_12)
FNDA:1,(anonymous_13)
FNDA:0,(anonymous_14)
FNDA:1,(anonymous_15)
DA:1,3
DA:2,3
DA:3,3
DA:4,3
DA:5,3
DA:6,3
DA:7,3
DA:8,3
DA:9,3
DA:10,3
DA:12,3
DA:13,4
DA:14,1
DA:16,1
DA:19,3
DA:20,1
DA:22,1
DA:25,2
DA:27,2
DA:32,2
DA:34,2
DA:36,1
DA:37,1
DA:38,1
DA:43,1
DA:45,1
DA:46,1
DA:47,1
DA:51,1
DA:52,2
DA:53,0
DA:62,1
DA:64,1
DA:65,0
DA:73,1
DA:83,0
DA:93,0
DA:105,0
DA:115,1
DA:116,1
DA:117,1
DA:120,0
DA:127,3
DA:128,4
DA:129,1
DA:131,1
DA:134,3
DA:135,3
DA:137,3
DA:138,1
DA:140,1
DA:143,2
DA:144,2
DA:145,1
DA:149,1
DA:153,1
DA:160,0
DA:165,3
DA:166,4
DA:167,1
DA:169,1
DA:172,3
DA:173,1
DA:175,1
DA:178,2
DA:180,2
DA:185,2
DA:187,2
DA:190,1
DA:191,0
DA:198,0
DA:201,1
DA:206,1
DA:208,1
DA:209,0
DA:216,0
DA:219,1
DA:224,1
DA:225,1
DA:226,1
DA:227,0
DA:236,1
DA:245,0
DA:255,1
DA:256,1
DA:259,0
LF:86
LH:72
BRDA:13,0,0,1
BRDA:13,0,1,3
BRDA:13,1,0,4
BRDA:13,1,1,3
BRDA:19,2,0,1
BRDA:19,2,1,2
BRDA:36,3,0,1
BRDA:36,3,1,0
BRDA:45,4,0,1
BRDA:45,4,1,0
BRDA:48,5,0,1
BRDA:48,5,1,0
BRDA:49,6,0,1
BRDA:49,6,1,0
BRDA:52,7,0,0
BRDA:52,7,1,2
BRDA:64,8,0,0
BRDA:64,8,1,1
BRDA:116,9,0,1
BRDA:116,9,1,0
BRDA:128,10,0,1
BRDA:128,10,1,3
BRDA:128,11,0,4
BRDA:128,11,1,3
BRDA:137,12,0,1
BRDA:137,12,1,2
BRDA:144,13,0,1
BRDA:144,13,1,1
BRDA:166,14,0,1
BRDA:166,14,1,3
BRDA:166,15,0,4
BRDA:166,15,1,3
BRDA:172,16,0,1
BRDA:172,16,1,2
BRDA:190,17,0,0
BRDA:190,17,1,1
BRDA:208,18,0,0
BRDA:208,18,1,1
BRDA:226,19,0,0
BRDA:226,19,1,1
BRDA:255,20,0,1
BRDA:255,20,1,0
BRF:42
BRH:31
end_of_record
TN:
SF:controllers/booking.controller.js
FN:11,(anonymous_0)
FN:22,(anonymous_1)
FN:36,(anonymous_2)
FN:44,(anonymous_3)
FN:69,(anonymous_4)
FN:82,(anonymous_5)
FN:90,(anonymous_6)
FN:121,(anonymous_7)
FN:134,(anonymous_8)
FN:144,(anonymous_9)
FN:230,(anonymous_10)
FN:266,(anonymous_11)
FN:287,(anonymous_12)
FN:321,(anonymous_13)
FN:345,(anonymous_14)
FN:372,(anonymous_15)
FN:379,(anonymous_16)
FN:382,(anonymous_17)
FN:435,(anonymous_18)
FNF:19
FNH:0
FNDA:0,(anonymous_0)
FNDA:0,(anonymous_1)
FNDA:0,(anonymous_2)
FNDA:0,(anonymous_3)
FNDA:0,(anonymous_4)
FNDA:0,(anonymous_5)
FNDA:0,(anonymous_6)
FNDA:0,(anonymous_7)
FNDA:0,(anonymous_8)
FNDA:0,(anonymous_9)
FNDA:0,(anonymous_10)
FNDA:0,(anonymous_11)
FNDA:0,(anonymous_12)
FNDA:0,(anonymous_13)
FNDA:0,(anonymous_14)
FNDA:0,(anonymous_15)
FNDA:0,(anonymous_16)
FNDA:0,(anonymous_17)
FNDA:0,(anonymous_18)
DA:1,3
DA:2,3
DA:3,3
DA:4,3
DA:5,3
DA:6,3
DA:7,3
DA:8,3
DA:9,3
DA:11,3
DA:13,0
DA:15,0
DA:17,0
DA:23,0
DA:24,0
DA:26,0
DA:30,0
DA:32,0
DA:37,0
DA:39,0
DA:44,3
DA:47,0
DA:49,0
DA:70,0
DA:72,0
DA:76,0
DA:78,0
DA:83,0
DA:85,0
DA:90,3
DA:92,0
DA:93,0
DA:95,0
DA:97,0
DA:103,0
DA:104,0
DA:106,0
DA:116,0
DA:122,0
DA:123,0
DA:125,0
DA:128,0
DA:130,0
DA:135,0
DA:137,0
DA:144,3
DA:146,0
DA:148,0
DA:150,0
DA:151,0
DA:152,0
DA:161,0
DA:163,0
DA:164,0
DA:165,0
DA:174,0
DA:176,0
DA:177,0
DA:178,0
DA:187,0
DA:188,0
DA:190,0
DA:192,0
DA:199,0
DA:200,0
DA:201,0
DA:202,0
DA:212,0
DA:218,0
DA:219,0
DA:220,0
DA:229,0
DA:231,0
DA:232,0
DA:233,0
DA:234,0
DA:243,0
DA:244,0
DA:246,0
DA:247,0
DA:248,0
DA:249,0
DA:253,0
DA:254,0
DA:255,0
DA:256,0
DA:265,0
DA:267,0
DA:268,0
DA:269,0
DA:277,0
DA:278,0
DA:288,0
DA:289,0
DA:299,0
DA:300,0
DA:310,0
DA:311,0
DA:322,0
DA:323,0
DA:324,0
DA:333,0
DA:345,3
DA:346,0
DA:348,0
DA:350,0
DA:356,0
DA:357,0
DA:358,0
DA:367,0
DA:373,0
DA:374,0
DA:375,0
DA:376,0
DA:377,0
DA:378,0
DA:379,0
DA:380,0
DA:381,0
DA:383,0
DA:384,0
DA:393,0
DA:394,0
DA:404,0
DA:405,0
DA:415,0
DA:416,0
DA:425,0
DA:426,0
DA:436,0
DA:437,0
LF:131
LH:14
BRDA:23,0,0,0
BRDA:23,0,1,0
BRDA:70,1,0,0
BRDA:70,1,1,0
BRDA:103,2,0,0
BRDA:103,2,1,0
BRDA:122,3,0,0
BRDA:122,3,1,0
BRDA:150,4,0,0
BRDA:150,4,1,0
BRDA:163,5,0,0
BRDA:163,5,1,0
BRDA:176,6,0,0
BRDA:176,6,1,0
BRDA:193,7,0,0
BRDA:193,7,1,0
BRDA:194,8,0,0
BRDA:194,8,1,0
BRDA:195,9,0,0
BRDA:195,9,1,0
BRDA:196,10,0,0
BRDA:196,10,1,0
BRDA:200,11,0,0
BRDA:200,11,1,0
BRDA:218,12,0,0
BRDA:218,12,1,0
BRDA:232,13,0,0
BRDA:232,13,1,0
BRDA:246,14,0,0
BRDA:246,14,1,0
BRDA:247,15,0,0
BRDA:247,15,1,0
BRDA:250,16,0,0
BRDA:250,16,1,0
BRDA:251,17,0,0
BRDA:251,17,1,0
BRDA:254,18,0,0
BRDA:254,18,1,0
BRDA:267,19,0,0
BRDA:267,19,1,0
BRDA:323,20,0,0
BRDA:323,20,1,0
BRDA:356,21,0,0
BRDA:356,21,1,0
BRDA:373,22,0,0
BRDA:373,22,1,0
BRDA:376,23,0,0
BRDA:376,23,1,0
BRDA:378,24,0,0
BRDA:378,24,1,0
BRDA:380,25,0,0
BRDA:380,25,1,0
BRDA:380,26,0,0
BRDA:380,26,1,0
BRF:54
BRH:0
end_of_record
TN:
SF:controllers/parkingParticulier.controller.js
FN:10,(anonymous_0)
FN:17,(anonymous_1)
FN:18,(anonymous_2)
FN:41,(anonymous_3)
FN:52,(anonymous_4)
FN:66,(anonymous_5)
FN:87,(anonymous_6)
FN:98,(anonymous_7)
FN:117,(anonymous_8)
FN:139,(anonymous_9)
FN:150,(anonymous_10)
FN:177,(anonymous_11)
FN:198,(anonymous_12)
FN:209,(anonymous_13)
FN:244,(anonymous_14)
FN:261,(anonymous_15)
FN:284,(anonymous_16)
FN:335,(anonymous_17)
FN:346,(anonymous_18)
FN:357,(anonymous_19)
FN:368,(anonymous_20)
FN:391,(anonymous_21)
FN:411,(anonymous_22)
FNF:23
FNH:0
FNDA:0,(anonymous_0)
FNDA:0,(anonymous_1)
FNDA:0,(anonymous_2)
FNDA:0,(anonymous_3)
FNDA:0,(anonymous_4)
FNDA:0,(anonymous_5)
FNDA:0,(anonymous_6)
FNDA:0,(anonymous_7)
FNDA:0,(anonymous_8)
FNDA:0,(anonymous_9)
FNDA:0,(anonymous_10)
FNDA:0,(anonymous_11)
FNDA:0,(anonymous_12)
FNDA:0,(anonymous_13)
FNDA:0,(anonymous_14)
FNDA:0,(anonymous_15)
FNDA:0,(anonymous_16)
FNDA:0,(anonymous_17)
FNDA:0,(anonymous_18)
FNDA:0,(anonymous_19)
FNDA:0,(anonymous_20)
FNDA:0,(anonymous_21)
FNDA:0,(anonymous_22)
DA:1,3
DA:2,3
DA:3,3
DA:4,3
DA:5,3
DA:10,3
DA:11,0
DA:14,0
DA:18,0
DA:19,0
DA:21,0
DA:22,0
DA:32,0
DA:42,0
DA:52,3
DA:53,0
DA:54,0
DA:55,0
DA:62,0
DA:64,0
DA:65,0
DA:67,0
DA:68,0
DA:78,0
DA:88,0
DA:98,3
DA:99,0
DA:100,0
DA:101,0
DA:108,0
DA:110,0
DA:113,0
DA:118,0
DA:119,0
DA:129,0
DA:140,0
DA:150,3
DA:151,0
DA:152,0
DA:153,0
DA:155,0
DA:157,0
DA:158,0
DA:160,0
DA:161,0
DA:163,0
DA:164,0
DA:166,0
DA:168,0
DA:170,0
DA:173,0
DA:178,0
DA:179,0
DA:189,0
DA:199,0
DA:209,3
DA:210,0
DA:217,0
DA:224,0
DA:227,0
DA:228,0
DA:230,0
DA:239,0
DA:243,0
DA:245,0
DA:251,0
DA:262,0
DA:263,0
DA:264,0
DA:273,0
DA:284,3
DA:285,0
DA:287,0
DA:288,0
DA:289,0
DA:291,0
DA:293,0
DA:294,0
DA:296,0
DA:297,0
DA:299,0
DA:300,0
DA:303,0
DA:304,0
DA:314,0
DA:316,0
DA:322,0
DA:323,0
DA:332,0
DA:334,0
DA:336,0
DA:337,0
DA:344,0
DA:346,0
DA:347,0
DA:358,0
DA:368,3
DA:369,0
DA:371,0
DA:373,0
DA:379,0
DA:380,0
DA:389,0
DA:390,0
DA:392,0
DA:393,0
DA:402,0
DA:412,0
DA:413,0
LF:109
LH:12
BRDA:21,0,0,0
BRDA:21,0,1,0
BRDA:54,1,0,0
BRDA:54,1,1,0
BRDA:67,2,0,0
BRDA:67,2,1,0
BRDA:100,3,0,0
BRDA:100,3,1,0
BRDA:118,4,0,0
BRDA:118,4,1,0
BRDA:157,5,0,0
BRDA:157,5,1,0
BRDA:160,6,0,0
BRDA:160,6,1,0
BRDA:163,7,0,0
BRDA:163,7,1,0
BRDA:178,8,0,0
BRDA:178,8,1,0
BRDA:210,9,0,0
BRDA:210,9,1,0
BRDA:211,10,0,0
BRDA:211,10,1,0
BRDA:211,10,2,0
BRDA:211,10,3,0
BRDA:211,10,4,0
BRDA:245,11,0,0
BRDA:245,11,1,0
BRDA:245,12,0,0
BRDA:245,12,1,0
BRDA:245,12,2,0
BRDA:245,12,3,0
BRDA:245,12,4,0
BRDA:263,13,0,0
BRDA:263,13,1,0
BRDA:293,14,0,0
BRDA:293,14,1,0
BRDA:296,15,0,0
BRDA:296,15,1,0
BRDA:299,16,0,0
BRDA:299,16,1,0
BRDA:303,17,0,0
BRDA:303,17,1,0
BRDA:303,18,0,0
BRDA:303,18,1,0
BRDA:322,19,0,0
BRDA:322,19,1,0
BRDA:336,20,0,0
BRDA:336,20,1,0
BRDA:379,21,0,0
BRDA:379,21,1,0
BRDA:392,22,0,0
BRDA:392,22,1,0
BRF:52
BRH:0
end_of_record
TN:
SF:controllers/post.controller.js
FN:13,(anonymous_0)
FN:31,(anonymous_1)
FN:43,(anonymous_2)
FN:64,(anonymous_3)
FN:90,(anonymous_4)
FN:102,(anonymous_5)
FN:123,(anonymous_6)
FN:144,(anonymous_7)
FN:156,(anonymous_8)
FN:177,(anonymous_9)
FN:199,(anonymous_10)
FN:211,(anonymous_11)
FN:232,(anonymous_12)
FN:279,(anonymous_13)
FN:303,(anonymous_14)
FN:323,(anonymous_15)
FN:396,(anonymous_16)
FN:417,(anonymous_17)
FN:428,(anonymous_18)
FN:482,(anonymous_19)
FN:494,(anonymous_20)
FN:506,(anonymous_21)
FN:547,(anonymous_22)
FN:555,(anonymous_23)
FN:567,(anonymous_24)
FN:584,(anonymous_25)
FN:592,(anonymous_26)
FN:603,(anonymous_27)
FN:606,(anonymous_28)
FN:615,(anonymous_29)
FN:621,(anonymous_30)
FN:630,(anonymous_31)
FN:641,(anonymous_32)
FNF:33
FNH:0
FNDA:0,(anonymous_0)
FNDA:0,(anonymous_1)
FNDA:0,(anonymous_2)
FNDA:0,(anonymous_3)
FNDA:0,(anonymous_4)
FNDA:0,(anonymous_5)
FNDA:0,(anonymous_6)
FNDA:0,(anonymous_7)
FNDA:0,(anonymous_8)
FNDA:0,(anonymous_9)
FNDA:0,(anonymous_10)
FNDA:0,(anonymous_11)
FNDA:0,(anonymous_12)
FNDA:0,(anonymous_13)
FNDA:0,(anonymous_14)
FNDA:0,(anonymous_15)
FNDA:0,(anonymous_16)
FNDA:0,(anonymous_17)
FNDA:0,(anonymous_18)
FNDA:0,(anonymous_19)
FNDA:0,(anonymous_20)
FNDA:0,(anonymous_21)
FNDA:0,(anonymous_22)
FNDA:0,(anonymous_23)
FNDA:0,(anonymous_24)
FNDA:0,(anonymous_25)
FNDA:0,(anonymous_26)
FNDA:0,(anonymous_27)
FNDA:0,(anonymous_28)
FNDA:0,(anonymous_29)
FNDA:0,(anonymous_30)
FNDA:0,(anonymous_31)
FNDA:0,(anonymous_32)
DA:1,3
DA:2,3
DA:3,3
DA:4,3
DA:5,3
DA:6,3
DA:7,3
DA:9,3
DA:10,3
DA:13,3
DA:14,0
DA:32,0
DA:33,0
DA:44,0
DA:45,0
DA:46,0
DA:54,0
DA:64,3
DA:65,0
DA:67,0
DA:68,0
DA:77,0
DA:91,0
DA:92,0
DA:103,0
DA:104,0
DA:105,0
DA:113,0
DA:123,3
DA:124,0
DA:145,0
DA:146,0
DA:157,0
DA:158,0
DA:159,0
DA:167,0
DA:177,3
DA:178,0
DA:200,0
DA:201,0
DA:212,0
DA:213,0
DA:214,0
DA:222,0
DA:232,3
DA:234,0
DA:235,0
DA:237,0
DA:238,0
DA:247,0
DA:249,0
DA:261,0
DA:262,0
DA:263,0
DA:274,0
DA:278,0
DA:280,0
DA:281,0
DA:291,0
DA:293,0
DA:304,0
DA:305,0
DA:306,0
DA:314,0
DA:323,3
DA:324,0
DA:326,0
DA:327,0
DA:336,0
DA:337,0
DA:339,0
DA:341,0
DA:353,0
DA:354,0
DA:355,0
DA:356,0
DA:363,0
DA:367,0
DA:369,0
DA:375,0
DA:381,0
DA:382,0
DA:391,0
DA:397,0
DA:398,0
DA:399,0
DA:408,0
DA:418,0
DA:419,0
DA:428,3
DA:429,0
DA:430,0
DA:432,0
DA:433,0
DA:442,0
DA:444,0
DA:448,0
DA:449,0
DA:456,0
DA:459,0
DA:461,0
DA:465,0
DA:466,0
DA:467,0
DA:468,0
DA:475,0
DA:481,0
DA:483,0
DA:484,0
DA:495,0
DA:496,0
DA:506,3
DA:507,0
DA:508,0
DA:509,0
DA:518,0
DA:520,0
DA:526,0
DA:532,0
DA:533,0
DA:542,0
DA:548,0
DA:556,0
DA:557,0
DA:567,3
DA:568,0
DA:569,0
DA:570,0
DA:579,0
DA:585,0
DA:593,0
DA:594,0
DA:603,3
DA:604,0
DA:605,0
DA:607,0
DA:616,0
DA:617,0
DA:621,3
DA:622,0
DA:623,0
DA:631,0
DA:632,0
DA:642,0
DA:643,0
DA:644,0
DA:652,0
LF:147
LH:20
BRDA:32,0,0,0
BRDA:32,0,1,0
BRDA:45,1,0,0
BRDA:45,1,1,0
BRDA:67,2,0,0
BRDA:67,2,1,0
BRDA:91,3,0,0
BRDA:91,3,1,0
BRDA:104,4,0,0
BRDA:104,4,1,0
BRDA:145,5,0,0
BRDA:145,5,1,0
BRDA:158,6,0,0
BRDA:158,6,1,0
BRDA:200,7,0,0
BRDA:200,7,1,0
BRDA:213,8,0,0
BRDA:213,8,1,0
BRDA:237,9,0,0
BRDA:237,9,1,0
BRDA:250,10,0,0
BRDA:250,10,1,0
BRDA:250,11,0,0
BRDA:250,11,1,0
BRDA:251,12,0,0
BRDA:251,12,1,0
BRDA:251,13,0,0
BRDA:251,13,1,0
BRDA:252,14,0,0
BRDA:252,14,1,0
BRDA:252,15,0,0
BRDA:252,15,1,0
BRDA:253,16,0,0
BRDA:253,16,1,0
BRDA:253,17,0,0
BRDA:253,17,1,0
BRDA:254,18,0,0
BRDA:254,18,1,0
BRDA:254,19,0,0
BRDA:254,19,1,0
BRDA:255,20,0,0
BRDA:255,20,1,0
BRDA:255,21,0,0
BRDA:255,21,1,0
BRDA:256,22,0,0
BRDA:256,22,1,0
BRDA:256,23,0,0
BRDA:256,23,1,0
BRDA:257,24,0,0
BRDA:257,24,1,0
BRDA:257,25,0,0
BRDA:257,25,1,0
BRDA:258,26,0,0
BRDA:258,26,1,0
BRDA:258,27,0,0
BRDA:258,27,1,0
BRDA:262,28,0,0
BRDA:262,28,1,0
BRDA:262,29,0,0
BRDA:262,29,1,0
BRDA:280,30,0,0
BRDA:280,30,1,0
BRDA:305,31,0,0
BRDA:305,31,1,0
BRDA:326,32,0,0
BRDA:326,32,1,0
BRDA:342,33,0,0
BRDA:342,33,1,0
BRDA:342,34,0,0
BRDA:342,34,1,0
BRDA:343,35,0,0
BRDA:343,35,1,0
BRDA:343,36,0,0
BRDA:343,36,1,0
BRDA:344,37,0,0
BRDA:344,37,1,0
BRDA:344,38,0,0
BRDA:344,38,1,0
BRDA:345,39,0,0
BRDA:345,39,1,0
BRDA:345,40,0,0
BRDA:345,40,1,0
BRDA:346,41,0,0
BRDA:346,41,1,0
BRDA:346,42,0,0
BRDA:346,42,1,0
BRDA:347,43,0,0
BRDA:347,43,1,0
BRDA:347,44,0,0
BRDA:347,44,1,0
BRDA:348,45,0,0
BRDA:348,45,1,0
BRDA:348,46,0,0
BRDA:348,46,1,0
BRDA:349,47,0,0
BRDA:349,47,1,0
BRDA:349,48,0,0
BRDA:349,48,1,0
BRDA:350,49,0,0
BRDA:350,49,1,0
BRDA:350,50,0,0
BRDA:350,50,1,0
BRDA:354,51,0,0
BRDA:354,51,1,0
BRDA:354,52,0,0
BRDA:354,52,1,0
BRDA:381,53,0,0
BRDA:381,53,1,0
BRDA:398,54,0,0
BRDA:398,54,1,0
BRDA:432,55,0,0
BRDA:432,55,1,0
BRDA:448,56,0,0
BRDA:448,56,1,0
BRDA:448,57,0,0
BRDA:448,57,1,0
BRDA:462,58,0,0
BRDA:462,58,1,0
BRDA:462,59,0,0
BRDA:462,59,1,0
BRDA:467,60,0,0
BRDA:467,60,1,0
BRDA:483,61,0,0
BRDA:483,61,1,0
BRDA:508,62,0,0
BRDA:508,62,1,0
BRDA:532,63,0,0
BRDA:532,63,1,0
BRDA:569,64,0,0
BRDA:569,64,1,0
BRDA:631,65,0,0
BRDA:631,65,1,0
BRDA:643,66,0,0
BRDA:643,66,1,0
BRF:134
BRH:0
end_of_record
TN:
SF:controllers/post_picture.controller.js
FN:12,(anonymous_0)
FN:18,(anonymous_1)
FN:19,(anonymous_2)
FN:67,(anonymous_3)
FN:98,(anonymous_4)
FN:108,(anonymous_5)
FN:126,(anonymous_6)
FN:132,(anonymous_7)
FN:156,(anonymous_8)
FN:171,(anonymous_9)
FN:175,(anonymous_10)
FN:191,(anonymous_11)
FN:221,(anonymous_12)
FN:241,(anonymous_13)
FN:255,(anonymous_14)
FN:276,(anonymous_15)
FN:299,(anonymous_16)
FN:323,(anonymous_17)
FN:327,(anonymous_18)
FN:344,(anonymous_19)
FN:361,(anonymous_20)
FN:373,(anonymous_21)
FN:388,(anonymous_22)
FNF:23
FNH:0
FNDA:0,(anonymous_0)
FNDA:0,(anonymous_1)
FNDA:0,(anonymous_2)
FNDA:0,(anonymous_3)
FNDA:0,(anonymous_4)
FNDA:0,(anonymous_5)
FNDA:0,(anonymous_6)
FNDA:0,(anonymous_7)
FNDA:0,(anonymous_8)
FNDA:0,(anonymous_9)
FNDA:0,(anonymous_10)
FNDA:0,(anonymous_11)
FNDA:0,(anonymous_12)
FNDA:0,(anonymous_13)
FNDA:0,(anonymous_14)
FNDA:0,(anonymous_15)
FNDA:0,(anonymous_16)
FNDA:0,(anonymous_17)
FNDA:0,(anonymous_18)
FNDA:0,(anonymous_19)
FNDA:0,(anonymous_20)
FNDA:0,(anonymous_21)
FNDA:0,(anonymous_22)
DA:1,3
DA:2,3
DA:3,3
DA:4,3
DA:5,3
DA:6,3
DA:7,3
DA:8,3
DA:9,3
DA:12,3
DA:13,0
DA:15,0
DA:17,0
DA:18,0
DA:19,0
DA:20,0
DA:21,0
DA:23,0
DA:29,0
DA:31,0
DA:32,0
DA:33,0
DA:44,0
DA:45,0
DA:46,0
DA:47,0
DA:59,0
DA:60,0
DA:61,0
DA:63,0
DA:66,0
DA:68,0
DA:69,0
DA:70,0
DA:71,0
DA:77,0
DA:78,0
DA:81,0
DA:82,0
DA:86,0
DA:88,0
DA:89,0
DA:93,0
DA:97,0
DA:100,0
DA:108,0
DA:111,0
DA:112,0
DA:126,3
DA:127,0
DA:129,0
DA:131,0
DA:133,0
DA:134,0
DA:135,0
DA:145,0
DA:146,0
DA:157,0
DA:158,0
DA:171,3
DA:172,0
DA:173,0
DA:175,0
DA:176,0
DA:177,0
DA:178,0
DA:188,0
DA:190,0
DA:192,0
DA:193,0
DA:194,0
DA:205,0
DA:206,0
DA:207,0
DA:208,0
DA:219,0
DA:220,0
DA:222,0
DA:223,0
DA:224,0
DA:235,0
DA:236,0
DA:237,0
DA:238,0
DA:239,0
DA:241,0
DA:242,0
DA:243,0
DA:244,0
DA:255,0
DA:256,0
DA:257,0
DA:258,0
DA:269,0
DA:277,0
DA:278,0
DA:281,0
DA:294,0
DA:300,0
DA:301,0
DA:304,0
DA:323,3
DA:324,0
DA:326,0
DA:328,0
DA:329,0
DA:330,0
DA:341,0
DA:344,0
DA:345,0
DA:346,0
DA:347,0
DA:357,0
DA:360,0
DA:362,0
DA:363,0
DA:374,0
DA:375,0
DA:389,0
DA:390,0
LF:120
LH:13
BRDA:20,0,0,0
BRDA:20,0,1,0
BRDA:31,1,0,0
BRDA:31,1,1,0
BRDA:45,2,0,0
BRDA:45,2,1,0
BRDA:59,3,0,0
BRDA:59,3,1,0
BRDA:60,4,0,0
BRDA:60,4,1,0
BRDA:133,5,0,0
BRDA:133,5,1,0
BRDA:176,6,0,0
BRDA:176,6,1,0
BRDA:192,7,0,0
BRDA:192,7,1,0
BRDA:206,8,0,0
BRDA:206,8,1,0
BRDA:206,9,0,0
BRDA:206,9,1,0
BRDA:219,10,0,0
BRDA:219,10,1,0
BRDA:222,11,0,0
BRDA:222,11,1,0
BRDA:235,12,0,0
BRDA:235,12,1,0
BRDA:242,13,0,0
BRDA:242,13,1,0
BRDA:242,14,0,0
BRDA:242,14,1,0
BRDA:256,15,0,0
BRDA:256,15,1,0
BRDA:328,16,0,0
BRDA:328,16,1,0
BRDA:345,17,0,0
BRDA:345,17,1,0
BRF:36
BRH:0
end_of_record
TN:
SF:controllers/profile_picture.controller.js
FN:10,(anonymous_0)
FN:16,(anonymous_1)
FN:32,(anonymous_2)
FN:54,(anonymous_3)
FN:69,(anonymous_4)
FN:88,(anonymous_5)
FN:121,(anonymous_6)
FN:127,(anonymous_7)
FN:162,(anonymous_8)
FN:177,(anonymous_9)
FN:183,(anonymous_10)
FN:211,(anonymous_11)
FN:229,(anonymous_12)
FN:242,(anonymous_13)
FNF:14
FNH:0
FNDA:0,(anonymous_0)
FNDA:0,(anonymous_1)
FNDA:0,(anonymous_2)
FNDA:0,(anonymous_3)
FNDA:0,(anonymous_4)
FNDA:0,(anonymous_5)
FNDA:0,(anonymous_6)
FNDA:0,(anonymous_7)
FNDA:0,(anonymous_8)
FNDA:0,(anonymous_9)
FNDA:0,(anonymous_10)
FNDA:0,(anonymous_11)
FNDA:0,(anonymous_12)
FNDA:0,(anonymous_13)
DA:1,3
DA:2,3
DA:3,3
DA:4,3
DA:5,3
DA:6,3
DA:7,3
DA:8,3
DA:10,3
DA:11,0
DA:12,0
DA:14,0
DA:16,0
DA:17,0
DA:18,0
DA:19,0
DA:31,0
DA:33,0
DA:34,0
DA:35,0
DA:46,0
DA:47,0
DA:48,0
DA:49,0
DA:51,0
DA:52,0
DA:54,0
DA:55,0
DA:56,0
DA:57,0
DA:69,0
DA:70,0
DA:71,0
DA:72,0
DA:83,0
DA:89,0
DA:92,0
DA:93,0
DA:106,0
DA:107,0
DA:121,3
DA:122,0
DA:124,0
DA:126,0
DA:128,0
DA:129,0
DA:130,0
DA:140,0
DA:141,0
DA:142,0
DA:152,0
DA:163,0
DA:164,0
DA:177,3
DA:178,0
DA:180,0
DA:182,0
DA:184,0
DA:185,0
DA:186,0
DA:196,0
DA:197,0
DA:198,0
DA:208,0
DA:209,0
DA:211,0
DA:212,0
DA:213,0
DA:214,0
DA:224,0
DA:230,0
DA:231,0
DA:243,0
DA:244,0
LF:74
LH:11
BRDA:17,0,0,0
BRDA:17,0,1,0
BRDA:33,1,0,0
BRDA:33,1,1,0
BRDA:46,2,0,0
BRDA:46,2,1,0
BRDA:51,3,0,0
BRDA:51,3,1,0
BRDA:55,4,0,0
BRDA:55,4,1,0
BRDA:55,5,0,0
BRDA:55,5,1,0
BRDA:70,6,0,0
BRDA:70,6,1,0
BRDA:128,7,0,0
BRDA:128,7,1,0
BRDA:140,8,0,0
BRDA:140,8,1,0
BRDA:184,9,0,0
BRDA:184,9,1,0
BRDA:196,10,0,0
BRDA:196,10,1,0
BRDA:212,11,0,0
BRDA:212,11,1,0
BRDA:212,12,0,0
BRDA:212,12,1,0
BRF:26
BRH:0
end_of_record
TN:
SF:controllers/role.controller.js
FN:6,(anonymous_0)
FN:8,(anonymous_1)
FN:27,(anonymous_2)
FN:39,(anonymous_3)
FN:46,(anonymous_4)
FN:65,(anonymous_5)
FN:86,(anonymous_6)
FN:110,(anonymous_7)
FN:128,(anonymous_8)
FN:140,(anonymous_9)
FN:162,(anonymous_10)
FN:181,(anonymous_11)
FN:202,(anonymous_12)
FN:231,(anonymous_13)
FN:250,(anonymous_14)
FN:263,(anonymous_15)
FN:281,(anonymous_16)
FN:289,(anonymous_17)
FNF:18
FNH:0
FNDA:0,(anonymous_0)
FNDA:0,(anonymous_1)
FNDA:0,(anonymous_2)
FNDA:0,(anonymous_3)
FNDA:0,(anonymous_4)
FNDA:0,(anonymous_5)
FNDA:0,(anonymous_6)
FNDA:0,(anonymous_7)
FNDA:0,(anonymous_8)
FNDA:0,(anonymous_9)
FNDA:0,(anonymous_10)
FNDA:0,(anonymous_11)
FNDA:0,(anonymous_12)
FNDA:0,(anonymous_13)
FNDA:0,(anonymous_14)
FNDA:0,(anonymous_15)
FNDA:0,(anonymous_16)
FNDA:0,(anonymous_17)
DA:1,3
DA:2,3
DA:3,3
DA:4,3
DA:6,3
DA:7,0
DA:9,0
DA:10,0
DA:18,0
DA:28,0
DA:29,0
DA:39,3
DA:40,0
DA:41,0
DA:47,0
DA:48,0
DA:56,0
DA:66,0
DA:67,0
DA:68,0
DA:76,0
DA:86,3
DA:88,0
DA:90,0
DA:91,0
DA:100,0
DA:111,0
DA:112,0
DA:120,0
DA:129,0
DA:130,0
DA:140,3
DA:141,0
DA:145,0
DA:149,0
DA:150,0
DA:151,0
DA:161,0
DA:163,0
DA:164,0
DA:172,0
DA:182,0
DA:183,0
DA:184,0
DA:192,0
DA:202,3
DA:204,0
DA:206,0
DA:210,0
DA:214,0
DA:215,0
DA:216,0
DA:226,0
DA:232,0
DA:233,0
DA:241,0
DA:251,0
DA:252,0
DA:263,3
DA:264,0
DA:266,0
DA:267,0
DA:276,0
DA:282,0
DA:290,0
DA:292,0
LF:66
LH:10
BRDA:9,0,0,0
BRDA:9,0,1,0
BRDA:47,1,0,0
BRDA:47,1,1,0
BRDA:67,2,0,0
BRDA:67,2,1,0
BRDA:90,3,0,0
BRDA:90,3,1,0
BRDA:111,4,0,0
BRDA:111,4,1,0
BRDA:146,5,0,0
BRDA:146,5,1,0
BRDA:150,6,0,0
BRDA:150,6,1,0
BRDA:163,7,0,0
BRDA:163,7,1,0
BRDA:183,8,0,0
BRDA:183,8,1,0
BRDA:211,9,0,0
BRDA:211,9,1,0
BRDA:215,10,0,0
BRDA:215,10,1,0
BRDA:232,11,0,0
BRDA:232,11,1,0
BRDA:266,12,0,0
BRDA:266,12,1,0
BRF:26
BRH:0
end_of_record
TN:
SF:controllers/user.controller.js
FN:10,(anonymous_0)
FN:27,(anonymous_1)
FN:28,(anonymous_2)
FN:35,(anonymous_3)
FN:41,(anonymous_4)
FN:62,(anonymous_5)
FN:73,(anonymous_6)
FN:79,(anonymous_7)
FN:133,(anonymous_8)
FN:139,(anonymous_9)
FN:145,(anonymous_10)
FN:156,(anonymous_11)
FN:212,(anonymous_12)
FN:218,(anonymous_13)
FN:225,(anonymous_14)
FN:236,(anonymous_15)
FN:280,(anonymous_16)
FN:281,(anonymous_17)
FN:288,(anonymous_18)
FN:313,(anonymous_19)
FN:330,(anonymous_20)
FN:337,(anonymous_21)
FN:345,(anonymous_22)
FN:352,(anonymous_23)
FN:390,(anonymous_24)
FN:398,(anonymous_25)
FN:409,(anonymous_26)
FN:426,(anonymous_27)
FN:439,(anonymous_28)
FN:462,(anonymous_29)
FN:498,(anonymous_30)
FN:506,(anonymous_31)
FNF:32
FNH:0
FNDA:0,(anonymous_0)
FNDA:0,(anonymous_1)
FNDA:0,(anonymous_2)
FNDA:0,(anonymous_3)
FNDA:0,(anonymous_4)
FNDA:0,(anonymous_5)
FNDA:0,(anonymous_6)
FNDA:0,(anonymous_7)
FNDA:0,(anonymous_8)
FNDA:0,(anonymous_9)
FNDA:0,(anonymous_10)
FNDA:0,(anonymous_11)
FNDA:0,(anonymous_12)
FNDA:0,(anonymous_13)
FNDA:0,(anonymous_14)
FNDA:0,(anonymous_15)
FNDA:0,(anonymous_16)
FNDA:0,(anonymous_17)
FNDA:0,(anonymous_18)
FNDA:0,(anonymous_19)
FNDA:0,(anonymous_20)
FNDA:0,(anonymous_21)
FNDA:0,(anonymous_22)
FNDA:0,(anonymous_23)
FNDA:0,(anonymous_24)
FNDA:0,(anonymous_25)
FNDA:0,(anonymous_26)
FNDA:0,(anonymous_27)
FNDA:0,(anonymous_28)
FNDA:0,(anonymous_29)
FNDA:0,(anonymous_30)
FNDA:0,(anonymous_31)
DA:1,3
DA:2,3
DA:3,3
DA:4,3
DA:5,3
DA:6,3
DA:7,3
DA:8,3
DA:10,3
DA:11,0
DA:12,0
DA:13,0
DA:28,0
DA:29,0
DA:30,0
DA:32,0
DA:36,0
DA:41,3
DA:42,0
DA:43,0
DA:44,0
DA:45,0
DA:47,0
DA:50,0
DA:63,0
DA:64,0
DA:65,0
DA:67,0
DA:69,0
DA:74,0
DA:79,3
DA:81,0
DA:82,0
DA:83,0
DA:84,0
DA:85,0
DA:87,0
DA:89,0
DA:90,0
DA:91,0
DA:92,0
DA:94,0
DA:95,0
DA:97,0
DA:100,0
DA:102,0
DA:108,0
DA:109,0
DA:118,0
DA:120,0
DA:134,0
DA:135,0
DA:137,0
DA:139,0
DA:140,0
DA:141,0
DA:146,0
DA:147,0
DA:150,0
DA:156,3
DA:157,0
DA:159,0
DA:160,0
DA:161,0
DA:162,0
DA:163,0
DA:165,0
DA:167,0
DA:168,0
DA:169,0
DA:170,0
DA:171,0
DA:173,0
DA:174,0
DA:176,0
DA:179,0
DA:181,0
DA:187,0
DA:188,0
DA:197,0
DA:199,0
DA:213,0
DA:214,0
DA:216,0
DA:218,0
DA:219,0
DA:220,0
DA:226,0
DA:227,0
DA:230,0
DA:236,3
DA:237,0
DA:239,0
DA:240,0
DA:242,0
DA:243,0
DA:245,0
DA:248,0
DA:250,0
DA:256,0
DA:257,0
DA:266,0
DA:268,0
DA:281,0
DA:282,0
DA:283,0
DA:285,0
DA:288,0
DA:289,0
DA:290,0
DA:291,0
DA:294,0
DA:295,0
DA:297,0
DA:300,0
DA:314,0
DA:315,0
DA:317,0
DA:319,0
DA:331,0
DA:332,0
DA:338,0
DA:346,0
DA:352,3
DA:353,0
DA:355,0
DA:357,0
DA:363,0
DA:364,0
DA:371,0
DA:374,0
DA:375,0
DA:391,0
DA:392,0
DA:394,0
DA:396,0
DA:399,0
DA:400,0
DA:403,0
DA:409,3
DA:410,0
DA:411,0
DA:427,0
DA:428,0
DA:429,0
DA:440,0
DA:441,0
DA:442,0
DA:451,0
DA:462,3
DA:463,0
DA:465,0
DA:471,0
DA:472,0
DA:479,0
DA:482,0
DA:483,0
DA:499,0
DA:500,0
DA:502,0
DA:504,0
DA:507,0
DA:508,0
DA:511,0
LF:164
LH:16
BRDA:11,0,0,0
BRDA:11,0,1,0
BRDA:44,1,0,0
BRDA:44,1,1,0
BRDA:64,2,0,0
BRDA:64,2,1,0
BRDA:82,3,0,0
BRDA:82,3,1,0
BRDA:83,4,0,0
BRDA:83,4,1,0
BRDA:84,5,0,0
BRDA:84,5,1,0
BRDA:85,6,0,0
BRDA:85,6,1,0
BRDA:89,7,0,0
BRDA:89,7,1,0
BRDA:90,8,0,0
BRDA:90,8,1,0
BRDA:91,9,0,0
BRDA:91,9,1,0
BRDA:92,10,0,0
BRDA:92,10,1,0
BRDA:94,11,0,0
BRDA:94,11,1,0
BRDA:94,12,0,0
BRDA:94,12,1,0
BRDA:108,13,0,0
BRDA:108,13,1,0
BRDA:134,14,0,0
BRDA:134,14,1,0
BRDA:146,15,0,0
BRDA:146,15,1,0
BRDA:159,16,0,0
BRDA:159,16,1,0
BRDA:160,17,0,0
BRDA:160,17,1,0
BRDA:161,18,0,0
BRDA:161,18,1,0
BRDA:162,19,0,0
BRDA:162,19,1,0
BRDA:163,20,0,0
BRDA:163,20,1,0
BRDA:167,21,0,0
BRDA:167,21,1,0
BRDA:168,22,0,0
BRDA:168,22,1,0
BRDA:169,23,0,0
BRDA:169,23,1,0
BRDA:170,24,0,0
BRDA:170,24,1,0
BRDA:171,25,0,0
BRDA:171,25,1,0
BRDA:173,26,0,0
BRDA:173,26,1,0
BRDA:173,27,0,0
BRDA:173,27,1,0
BRDA:173,27,2,0
BRDA:187,28,0,0
BRDA:187,28,1,0
BRDA:213,29,0,0
BRDA:213,29,1,0
BRDA:226,30,0,0
BRDA:226,30,1,0
BRDA:239,31,0,0
BRDA:239,31,1,0
BRDA:240,32,0,0
BRDA:240,32,1,0
BRDA:242,33,0,0
BRDA:242,33,1,0
BRDA:242,34,0,0
BRDA:242,34,1,0
BRDA:242,34,2,0
BRDA:256,35,0,0
BRDA:256,35,1,0
BRDA:282,36,0,0
BRDA:282,36,1,0
BRDA:289,37,0,0
BRDA:289,37,1,0
BRDA:294,38,0,0
BRDA:294,38,1,0
BRDA:314,39,0,0
BRDA:314,39,1,0
BRDA:363,40,0,0
BRDA:363,40,1,0
BRDA:391,41,0,0
BRDA:391,41,1,0
BRDA:399,42,0,0
BRDA:399,42,1,0
BRDA:427,43,0,0
BRDA:427,43,1,0
BRDA:441,44,0,0
BRDA:441,44,1,0
BRDA:471,45,0,0
BRDA:471,45,1,0
BRDA:499,46,0,0
BRDA:499,46,1,0
BRDA:507,47,0,0
BRDA:507,47,1,0
BRF:98
BRH:0
end_of_record
TN:
SF:controllers/validationStatus.controller.js
FN:5,(anonymous_0)
FN:9,(anonymous_1)
FN:21,(anonymous_2)
FN:45,(anonymous_3)
FN:63,(anonymous_4)
FN:83,(anonymous_5)
FN:95,(anonymous_6)
FN:133,(anonymous_7)
FN:153,(anonymous_8)
FN:166,(anonymous_9)
FN:204,(anonymous_10)
FN:224,(anonymous_11)
FN:238,(anonymous_12)
FN:256,(anonymous_13)
FN:264,(anonymous_14)
FNF:15
FNH:0
FNDA:0,(anonymous_0)
FNDA:0,(anonymous_1)
FNDA:0,(anonymous_2)
FNDA:0,(anonymous_3)
FNDA:0,(anonymous_4)
FNDA:0,(anonymous_5)
FNDA:0,(anonymous_6)
FNDA:0,(anonymous_7)
FNDA:0,(anonymous_8)
FNDA:0,(anonymous_9)
FNDA:0,(anonymous_10)
FNDA:0,(anonymous_11)
FNDA:0,(anonymous_12)
FNDA:0,(anonymous_13)
FNDA:0,(anonymous_14)
DA:1,3
DA:2,3
DA:3,3
DA:5,3
DA:6,0
DA:10,0
DA:11,0
DA:22,0
DA:23,0
DA:24,0
DA:25,0
DA:34,0
DA:45,3
DA:46,0
DA:48,0
DA:49,0
DA:58,0
DA:64,0
DA:65,0
DA:74,0
DA:84,0
DA:85,0
DA:95,3
DA:97,0
DA:99,0
DA:101,0
DA:105,0
DA:106,0
DA:107,0
DA:117,0
DA:121,0
DA:122,0
DA:129,0
DA:132,0
DA:134,0
DA:135,0
DA:144,0
DA:154,0
DA:155,0
DA:166,3
DA:167,0
DA:169,0
DA:170,0
DA:179,0
DA:181,0
DA:183,0
DA:187,0
DA:188,0
DA:189,0
DA:199,0
DA:205,0
DA:206,0
DA:215,0
DA:225,0
DA:226,0
DA:238,3
DA:239,0
DA:241,0
DA:242,0
DA:251,0
DA:257,0
DA:265,0
DA:266,0
DA:267,0
DA:275,0
LF:65
LH:8
BRDA:10,0,0,0
BRDA:10,0,1,0
BRDA:24,1,0,0
BRDA:24,1,1,0
BRDA:48,2,0,0
BRDA:48,2,1,0
BRDA:64,3,0,0
BRDA:64,3,1,0
BRDA:102,4,0,0
BRDA:102,4,1,0
BRDA:106,5,0,0
BRDA:106,5,1,0
BRDA:121,6,0,0
BRDA:121,6,1,0
BRDA:134,7,0,0
BRDA:134,7,1,0
BRDA:169,8,0,0
BRDA:169,8,1,0
BRDA:184,9,0,0
BRDA:184,9,1,0
BRDA:188,10,0,0
BRDA:188,10,1,0
BRDA:205,11,0,0
BRDA:205,11,1,0
BRDA:241,12,0,0
BRDA:241,12,1,0
BRDA:266,13,0,0
BRDA:266,13,1,0
BRF:28
BRH:0
end_of_record
TN:
SF:middleware/authjwt.js
FN:8,(anonymous_0)
FN:13,(anonymous_1)
FNF:2
FNH:2
FNDA:1,(anonymous_0)
FNDA:1,(anonymous_1)
DA:1,3
DA:2,3
DA:3,3
DA:4,3
DA:5,3
DA:8,3
DA:9,1
DA:11,1
DA:12,1
DA:13,1
DA:14,1
DA:15,1
DA:19,0
DA:20,0
DA:24,0
LF:15
LH:12
BRDA:11,0,0,1
BRDA:11,0,1,0
BRDA:14,1,0,1
BRDA:14,1,1,0
BRF:4
BRH:2
end_of_record
TN:
SF:models/booking.js
FN:5,(anonymous_0)
FN:12,(anonymous_1)
FNF:2
FNH:2
FNDA:3,(anonymous_0)
FNDA:3,(anonymous_1)
DA:4,3
DA:5,3
DA:14,3
DA:15,3
DA:18,3
DA:26,3
LF:6
LH:6
BRF:0
BRH:0
end_of_record
TN:
SF:models/comment.js
FN:5,(anonymous_0)
FN:12,(anonymous_1)
FNF:2
FNH:2
FNDA:3,(anonymous_0)
FNDA:3,(anonymous_1)
DA:4,3
DA:5,3
DA:14,3
DA:15,3
DA:18,3
DA:25,3
LF:6
LH:6
BRF:0
BRH:0
end_of_record
TN:
SF:models/favorite.js
FN:5,(anonymous_0)
FN:12,(anonymous_1)
FNF:2
FNH:2
FNDA:3,(anonymous_0)
FNDA:3,(anonymous_1)
DA:4,3
DA:5,3
DA:14,3
DA:15,3
DA:18,3
DA:23,3
LF:6
LH:6
BRF:0
BRH:0
end_of_record
TN:
SF:models/index.js
FN:20,(anonymous_0)
FN:23,(anonymous_1)
FN:28,(anonymous_2)
FNF:3
FNH:3
FNDA:33,(anonymous_0)
FNDA:30,(anonymous_1)
FNDA:30,(anonymous_2)
DA:3,3
DA:4,3
DA:5,3
DA:6,3
DA:7,3
DA:8,3
DA:9,3
DA:12,3
DA:13,0
DA:15,3
DA:18,3
DA:21,33
DA:24,30
DA:25,30
DA:28,3
DA:29,30
DA:30,30
DA:34,3
DA:35,3
DA:37,3
LF:20
LH:19
BRDA:7,0,0,3
BRDA:7,0,1,0
BRDA:12,1,0,0
BRDA:12,1,1,3
BRDA:21,2,0,33
BRDA:21,2,1,33
BRDA:21,2,2,30
BRDA:29,3,0,30
BRDA:29,3,1,0
BRF:9
BRH:6
end_of_record
TN:
SF:models/parkingParticulier.js
FN:5,(anonymous_0)
FN:12,(anonymous_1)
FNF:2
FNH:2
FNDA:3,(anonymous_0)
FNDA:3,(anonymous_1)
DA:4,3
DA:5,3
DA:14,3
DA:15,3
DA:16,3
DA:19,3
DA:30,3
LF:7
LH:7
BRF:0
BRH:0
end_of_record
TN:
SF:models/picture.js
FN:5,(anonymous_0)
FN:12,(anonymous_1)
FNF:2
FNH:2
FNDA:3,(anonymous_0)
FNDA:3,(anonymous_1)
DA:4,3
DA:5,3
DA:14,3
DA:17,3
DA:27,3
LF:5
LH:5
BRF:0
BRH:0
end_of_record
TN:
SF:models/post.js
FN:5,(anonymous_0)
FN:12,(anonymous_1)
FNF:2
FNH:2
FNDA:3,(anonymous_0)
FNDA:3,(anonymous_1)
DA:4,3
DA:5,3
DA:14,3
DA:15,3
DA:16,3
DA:17,3
DA:18,3
DA:21,3
DA:32,3
LF:9
LH:9
BRF:0
BRH:0
end_of_record
TN:
SF:models/role.js
FN:5,(anonymous_0)
FN:12,(anonymous_1)
FNF:2
FNH:2
FNDA:3,(anonymous_0)
FNDA:3,(anonymous_1)
DA:4,3
DA:5,3
DA:14,3
DA:15,3
DA:20,3
DA:26,3
LF:6
LH:6
BRF:0
BRH:0
end_of_record
TN:
SF:models/roleuser.js
FN:5,(anonymous_0)
FN:12,(anonymous_1)
FNF:2
FNH:2
FNDA:3,(anonymous_0)
FNDA:3,(anonymous_1)
DA:4,3
DA:5,3
DA:14,3
DA:15,3
DA:18,3
DA:23,3
LF:6
LH:6
BRF:0
BRH:0
end_of_record
TN:
SF:models/user.js
FN:5,(anonymous_0)
FN:12,(anonymous_1)
FNF:2
FNH:2
FNDA:3,(anonymous_0)
FNDA:3,(anonymous_1)
DA:4,3
DA:5,3
DA:14,3
DA:15,3
DA:16,3
DA:19,3
DA:20,3
DA:21,3
DA:24,3
DA:25,3
DA:28,3
DA:42,3
LF:12
LH:12
BRF:0
BRH:0
end_of_record
TN:
SF:models/validationstatus.js
FN:5,(anonymous_0)
FN:12,(anonymous_1)
FNF:2
FNH:2
FNDA:3,(anonymous_0)
FNDA:3,(anonymous_1)
DA:4,3
DA:5,3
DA:14,3
DA:15,3
DA:18,3
DA:24,3
LF:6
LH:6
BRF:0
BRH:0
end_of_record
TN:
SF:routes/app.router.js
FNF:0
FNH:0
DA:1,3
DA:2,3
DA:4,3
DA:6,3
DA:7,3
DA:9,3
LF:6
LH:6
BRF:0
BRH:0
end_of_record
TN:
SF:routes/auth.router.js
FNF:0
FNH:0
DA:1,3
DA:2,3
DA:3,3
DA:5,3
DA:6,3
DA:8,3
DA:10,3
LF:7
LH:7
BRF:0
BRH:0
end_of_record
TN:
SF:routes/booking.router.js
FNF:0
FNH:0
DA:1,3
DA:2,3
DA:3,3
DA:5,3
DA:6,3
DA:7,3
DA:8,3
DA:9,3
DA:13,3
LF:9
LH:9
BRF:0
BRH:0
end_of_record
TN:
SF:routes/parkingParticulier.router.js
FNF:0
FNH:0
DA:1,3
DA:2,3
DA:3,3
DA:5,3
DA:7,3
DA:10,3
DA:11,3
DA:12,3
DA:13,3
DA:14,3
DA:15,3
DA:16,3
DA:20,3
LF:13
LH:13
BRF:0
BRH:0
end_of_record
TN:
SF:routes/picture.router.js
FNF:0
FNH:0
DA:1,3
DA:2,3
DA:3,3
DA:4,3
DA:8,3
DA:9,3
DA:10,3
DA:11,3
DA:14,3
DA:15,3
DA:16,3
DA:21,3
LF:12
LH:12
BRF:0
BRH:0
end_of_record
TN:
SF:routes/post.router.js
FNF:0
FNH:0
DA:1,3
DA:2,3
DA:3,3
DA:5,3
DA:7,3
DA:8,3
DA:9,3
DA:10,3
DA:11,3
DA:12,3
DA:13,3
DA:14,3
DA:15,3
DA:16,3
DA:17,3
DA:19,3
LF:16
LH:16
BRF:0
BRH:0
end_of_record
TN:
SF:routes/role.router.js
FNF:0
FNH:0
DA:1,3
DA:2,3
DA:4,3
DA:6,3
DA:7,3
DA:8,3
DA:9,3
DA:10,3
DA:11,3
DA:13,3
LF:10
LH:10
BRF:0
BRH:0
end_of_record
TN:
SF:routes/user.router.js
FN:12,(anonymous_0)
FN:15,(anonymous_1)
FN:23,(anonymous_2)
FN:46,(anonymous_3)
FN:48,(anonymous_4)
FNF:5
FNH:0
FNDA:0,(anonymous_0)
FNDA:0,(anonymous_1)
FNDA:0,(anonymous_2)
FNDA:0,(anonymous_3)
FNDA:0,(anonymous_4)
DA:1,3
DA:2,3
DA:3,3
DA:4,3
DA:5,3
DA:6,3
DA:7,3
DA:9,3
DA:11,3
DA:13,0
DA:16,0
DA:17,0
DA:18,0
DA:21,3
DA:24,0
DA:25,0
DA:27,0
DA:35,3
DA:37,3
DA:39,3
DA:40,3
DA:41,3
DA:42,3
DA:43,3
DA:44,3
DA:45,3
DA:46,3
DA:47,0
DA:48,0
DA:50,0
DA:52,0
DA:53,0
DA:54,0
DA:58,0
DA:59,0
DA:60,0
DA:64,0
DA:65,0
DA:66,0
DA:70,0
DA:71,0
DA:73,0
DA:76,0
DA:80,3
LF:44
LH:21
BRDA:24,0,0,0
BRDA:24,0,1,0
BRDA:24,1,0,0
BRDA:24,1,1,0
BRDA:24,1,2,0
BRDA:50,2,0,0
BRDA:50,2,1,0
BRDA:52,3,0,0
BRDA:52,3,1,0
BRDA:58,4,0,0
BRDA:58,4,1,0
BRDA:64,5,0,0
BRDA:64,5,1,0
BRDA:70,6,0,0
BRDA:70,6,1,0
BRF:15
BRH:0
end_of_record
TN:
SF:routes/validationStatus.router.js
FNF:0
FNH:0
DA:1,3
DA:2,3
DA:4,3
DA:6,3
DA:7,3
DA:9,3
DA:10,3
DA:12,3
LF:8
LH:8
BRF:0
BRH:0
end_of_record
TN:
SF:services/socketIo.service.js
FN:6,(anonymous_0)
FN:12,(anonymous_1)
FN:13,(anonymous_2)
FNF:3
FNH:1
FNDA:3,(anonymous_0)
FNDA:0,(anonymous_1)
FNDA:0,(anonymous_2)
DA:3,3
DA:4,3
DA:7,3
DA:8,3
DA:9,3
DA:12,3
DA:13,0
DA:14,0
DA:15,0
DA:22,3
LF:10
LH:7
BRDA:8,0,0,3
BRDA:8,0,1,0
BRDA:14,1,0,0
BRDA:14,1,1,0
BRF:4
BRH:1
end_of_record
TN:
SF:utils/constantes.util.js
FNF:0
FNH:0
DA:1,3
DA:2,3
LF:2
LH:2
BRF:0
BRH:0
end_of_record
TN:
SF:utils/httpStatus.util.js
FNF:0
FNH:0
DA:1,3
LF:1
LH:1
BRF:0
BRH:0
end_of_record
TN:
SF:utils/logger.util.js
FN:11,(anonymous_0)
FNF:1
FNH:1
FNDA:14,(anonymous_0)
DA:1,3
DA:3,3
DA:11,14
LF:3
LH:3
BRF:0
BRH:0
end_of_record
TN:
SF:utils/response.util.js
FN:2,(anonymous_0)
FNF:1
FNH:1
FNDA:15,(anonymous_0)
DA:3,15
DA:4,15
DA:5,15
DA:6,15
DA:7,15
DA:11,3
LF:6
LH:6
BRDA:2,0,0,0
BRF:1
BRH:0
end_of_record
